<?xml version="1.0" encoding="UTF-8"?>
<!-- Generated by org.testng.reporters.JUnitXMLReporter -->
<testsuite ignored="0" hostname="DESKTOP-D5BDHV5" failures="0" tests="7" name="Regression Test 2" time="58.763" errors="0" timestamp="2020-06-22T14:56:07 IST">
  <testcase classname="TestCases.InvalidTestCases" name="test_Invalid_Username_Details" time="3.925"/>
  <testcase classname="TestCases.InvalidTestCases" name="test_Invalid_Password_Details" time="12.386"/>
  <testcase classname="TestCases.InvalidTestCases" name="test_Same_Location_Of_Journey" time="4.689"/>
  <testcase classname="TestCases.InvalidTestCases" name="test_Invalid_Date_Of_Journey" time="0.597"/>
  <testcase classname="TestCases.InvalidTestCases" name="test_ReturnDate_Disabled" time="0.038"/>
  <testcase classname="TestCases.InvalidTestCases" name="test_OutstationTrip_Selected" time="0.452"/>
  <testcase classname="TestCases.InvalidTestCases" name="test_GiftCard" time="15.055"/>
</testsuite> <!-- Regression Test 2 -->
