<?xml version="1.0" encoding="UTF-8"?>
<!-- Generated by org.testng.reporters.JUnitXMLReporter -->
<testsuite ignored="0" hostname="DESKTOP-D5BDHV5" failures="0" tests="16" name="Regression Test 1" time="83.574" errors="0" timestamp="2020-06-24T14:06:03 IST">
  <testcase classname="TestCases.ValidTestCases" name="test_URL_Appear_Correct" time="8.93"/>
  <testcase classname="TestCases.ValidTestCases" name="test_Home_Page_Title" time="0.14"/>
  <testcase classname="TestCases.ValidTestCases" name="test_SignIn_Button" time="1.643"/>
  <testcase classname="TestCases.ValidTestCases" name="test_LogIn_Details" time="12.957"/>
  <testcase classname="TestCases.ValidTestCases" name="test_Flight_Icon" time="0.148"/>
  <testcase classname="TestCases.ValidTestCases" name="test_Cab_Icon" time="1.593"/>
  <testcase classname="TestCases.ValidTestCases" name="test_Cab_Page_Title" time="0.688"/>
  <testcase classname="TestCases.ValidTestCases" name="test_OutstationOneWay_TripType" time="0.045"/>
  <testcase classname="TestCases.ValidTestCases" name="test_Set_Cab_Details" time="9.595"/>
  <testcase classname="TestCases.ValidTestCases" name="test_To_Check_Cab_Details" time="3.266"/>
  <testcase classname="TestCases.ValidTestCases" name="test_Flight_Button" time="1.139"/>
  <testcase classname="TestCases.ValidTestCases" name="test_Flight_Page_Title" time="0.152"/>
  <testcase classname="TestCases.ValidTestCases" name="test_Set_Flight_Details" time="11.9"/>
  <testcase classname="TestCases.ValidTestCases" name="test_Hotel_Booking_Icon" time="1.142"/>
  <testcase classname="TestCases.ValidTestCases" name="test_Hotel_Booking_Page_Title" time="0.042"/>
  <testcase classname="TestCases.ValidTestCases" name="test_Hotel_Booking" time="0.559"/>
</testsuite> <!-- Regression Test 1 -->
