<?xml version="1.0" encoding="UTF-8"?>
<!-- Generated by org.testng.reporters.JUnitXMLReporter -->
<testsuite ignored="0" hostname="DESKTOP-D5BDHV5" failures="0" tests="16" name="Regression Test 1" time="79.694" errors="0" timestamp="2020-06-22T14:55:08 IST">
  <testcase classname="TestCases.ValidTestCases" name="test_URL_Appear_Correct" time="7.737"/>
  <testcase classname="TestCases.ValidTestCases" name="test_Home_Page_Title" time="0.108"/>
  <testcase classname="TestCases.ValidTestCases" name="test_SignIn_Button" time="1.513"/>
  <testcase classname="TestCases.ValidTestCases" name="test_LogIn_Details" time="10.288"/>
  <testcase classname="TestCases.ValidTestCases" name="test_Flight_Icon" time="0.134"/>
  <testcase classname="TestCases.ValidTestCases" name="test_Cab_Icon" time="0.267"/>
  <testcase classname="TestCases.ValidTestCases" name="test_Cab_Page_Title" time="0.723"/>
  <testcase classname="TestCases.ValidTestCases" name="test_OutstationOneWay_TripType" time="0.095"/>
  <testcase classname="TestCases.ValidTestCases" name="test_Set_Cab_Details" time="6.812"/>
  <testcase classname="TestCases.ValidTestCases" name="test_To_Check_Cab_Details" time="3.612"/>
  <testcase classname="TestCases.ValidTestCases" name="test_Flight_Button" time="3.914"/>
  <testcase classname="TestCases.ValidTestCases" name="test_Flight_Page_Title" time="0.066"/>
  <testcase classname="TestCases.ValidTestCases" name="test_Set_Flight_Details" time="6.885"/>
  <testcase classname="TestCases.ValidTestCases" name="test_Hotel_Booking_Icon" time="0.279"/>
  <testcase classname="TestCases.ValidTestCases" name="test_Hotel_Booking_Page_Title" time="0.603"/>
  <testcase classname="TestCases.ValidTestCases" name="test_Hotel_Booking" time="0.63"/>
</testsuite> <!-- Regression Test 1 -->
