<?xml version="1.0" encoding="UTF-8"?>
<!-- Generated by org.testng.reporters.JUnitXMLReporter -->
<testsuite ignored="1" hostname="DESKTOP-D5BDHV5" failures="10" tests="19" name="Regression Test" time="138.503" errors="0" timestamp="2020-06-15T11:00:52 IST">
  <testcase classname="TestCases.InvalidTestCases" name="@AfterMethod get_Test_Case_Result" time="0.013">
    <failure type="org.apache.poi.EmptyFileException" message="The supplied file was empty (zero bytes long)">
      <![CDATA[org.apache.poi.EmptyFileException: The supplied file was empty (zero bytes long)
at org.apache.poi.util.IOUtils.peekFirstNBytes(IOUtils.java:111)
at org.apache.poi.poifs.filesystem.FileMagic.valueOf(FileMagic.java:206)
at org.apache.poi.openxml4j.opc.internal.ZipHelper.verifyZipHeader(ZipHelper.java:143)
at org.apache.poi.openxml4j.opc.internal.ZipHelper.openZipStream(ZipHelper.java:175)
at org.apache.poi.openxml4j.opc.ZipPackage.<init>(ZipPackage.java:104)
at org.apache.poi.openxml4j.opc.OPCPackage.open(OPCPackage.java:307)
at org.apache.poi.ooxml.util.PackageHelper.open(PackageHelper.java:47)
at org.apache.poi.xssf.usermodel.XSSFWorkbook.<init>(XSSFWorkbook.java:309)
at Setup.ExportToExcel.write_Into_Excel(ExportToExcel.java:22)
at TestCases.InvalidTestCases.get_Test_Case_Result(InvalidTestCases.java:77)
at java.base/java.util.concurrent.ThreadPoolExecutor.runWorker(ThreadPoolExecutor.java:1130)
at java.base/java.util.concurrent.ThreadPoolExecutor$Worker.run(ThreadPoolExecutor.java:630)
at java.base/java.lang.Thread.run(Thread.java:832)
... Removed 17 stack frames]]>
    </failure>
  </testcase> <!-- @AfterMethod get_Test_Case_Result -->
  <testcase classname="TestCases.InvalidTestCases" name="@AfterClass terminate_Browser" time="-1.592199017122E9">
    <skipped/>
  </testcase> <!-- @AfterClass terminate_Browser -->
  <testcase classname="TestCases.ValidTestCases" name="test_URL_Appear_Correct" time="12.118"/>
  <testcase classname="TestCases.ValidTestCases" name="test_Home_Page_Title" time="0.129">
    <failure type="java.lang.AssertionError" message="expected [true] but found [false]">
      <![CDATA[java.lang.AssertionError: expected [true] but found [false]
at TestCases.ValidTestCases.test_Home_Page_Title(ValidTestCases.java:90)
at java.base/java.util.concurrent.ThreadPoolExecutor.runWorker(ThreadPoolExecutor.java:1130)
at java.base/java.util.concurrent.ThreadPoolExecutor$Worker.run(ThreadPoolExecutor.java:630)
at java.base/java.lang.Thread.run(Thread.java:832)
... Removed 16 stack frames]]>
    </failure>
  </testcase> <!-- test_Home_Page_Title -->
  <testcase classname="TestCases.ValidTestCases" name="test_Flight_Icon" time="0.657">
    <failure type="java.lang.AssertionError" message="expected [true] but found [false]">
      <![CDATA[java.lang.AssertionError: expected [true] but found [false]
at TestCases.ValidTestCases.test_Flight_Icon(ValidTestCases.java:131)
at java.base/java.util.concurrent.ThreadPoolExecutor.runWorker(ThreadPoolExecutor.java:1130)
at java.base/java.util.concurrent.ThreadPoolExecutor$Worker.run(ThreadPoolExecutor.java:630)
at java.base/java.lang.Thread.run(Thread.java:832)
... Removed 16 stack frames]]>
    </failure>
  </testcase> <!-- test_Flight_Icon -->
  <testcase classname="TestCases.InvalidTestCases" name="test_Same_Location_Of_Journey" time="15.363"/>
  <testcase classname="TestCases.ValidTestCases" name="test_Cab_Icon" time="1.075"/>
  <testcase classname="TestCases.InvalidTestCases" name="test_Invalid_Date_Of_Journey" time="1.686"/>
  <testcase classname="TestCases.ValidTestCases" name="test_Cab_Page_Title" time="0.259"/>
  <testcase classname="TestCases.InvalidTestCases" name="test_ReturnDate_Disabled" time="0.13"/>
  <testcase classname="TestCases.ValidTestCases" name="test_OutstationOneWay_TripType" time="0.128"/>
  <testcase classname="TestCases.InvalidTestCases" name="test_OutstationTrip_Selected" time="1.63"/>
  <testcase classname="TestCases.ValidTestCases" name="test_Set_Cab_Details" time="13.577">
    <failure type="org.openqa.selenium.NoSuchElementException" message="no such element: Unable to locate element: {&amp;quot;method&amp;quot;:&amp;quot;xpath&amp;quot;,&amp;quot;selector&amp;quot;:&amp;quot;//*[@id=&amp;quot;root&amp;quot;]/div/div[2]/div/div/div[2]/div/div[2]/div[1]/div/div/div/input&amp;quot;}
  (Session info: chrome=83.0.4103.97)
For documentation on this error, please visit: https://www.seleniumhq.org/exceptions/no_such_element.html
Build info: version: &amp;apos;3.141.59&amp;apos;, revision: &amp;apos;e82be7d358&amp;apos;, time: &amp;apos;2018-11-14T08:17:03&amp;apos;
System info: host: &amp;apos;DESKTOP-D5BDHV5&amp;apos;, ip: &amp;apos;192.168.43.207&amp;apos;, os.name: &amp;apos;Windows 10&amp;apos;, os.arch: &amp;apos;amd64&amp;apos;, os.version: &amp;apos;10.0&amp;apos;, java.version: &amp;apos;14.0.1&amp;apos;
Driver info: org.openqa.selenium.remote.RemoteWebDriver
Capabilities {acceptInsecureCerts: false, browserName: chrome, browserVersion: 83.0.4103.97, chrome: {chromedriverVersion: 83.0.4103.39 (ccbf011cb2d2b..., userDataDir: C:\Users\yuvan\AppData\Loca...}, goog:chromeOptions: {debuggerAddress: localhost:53140}, javascriptEnabled: true, networkConnectionEnabled: false, pageLoadStrategy: normal, platform: WINDOWS, platformName: WINDOWS, proxy: Proxy(), setWindowRect: true, strictFileInteractability: false, timeouts: {implicit: 0, pageLoad: 300000, script: 30000}, unhandledPromptBehavior: dismiss and notify, webauthn:virtualAuthenticators: true, webdriver.remote.sessionid: 5efe7dd3c09614d5602aefca4a5...}
Session ID: 5efe7dd3c09614d5602aefca4a5ce445
*** Element info: {Using=xpath, value=//*[@id=&amp;quot;root&amp;quot;]/div/div[2]/div/div/div[2]/div/div[2]/div[1]/div/div/div/input}">
      <![CDATA[org.openqa.selenium.NoSuchElementException: no such element: Unable to locate element: {"method":"xpath","selector":"//*[@id="root"]/div/div[2]/div/div/div[2]/div/div[2]/div[1]/div/div/div/input"}
  (Session info: chrome=83.0.4103.97)
For documentation on this error, please visit: https://www.seleniumhq.org/exceptions/no_such_element.html
Build info: version: '3.141.59', revision: 'e82be7d358', time: '2018-11-14T08:17:03'
System info: host: 'DESKTOP-D5BDHV5', ip: '192.168.43.207', os.name: 'Windows 10', os.arch: 'amd64', os.version: '10.0', java.version: '14.0.1'
Driver info: org.openqa.selenium.remote.RemoteWebDriver
Capabilities {acceptInsecureCerts: false, browserName: chrome, browserVersion: 83.0.4103.97, chrome: {chromedriverVersion: 83.0.4103.39 (ccbf011cb2d2b..., userDataDir: C:\Users\yuvan\AppData\Loca...}, goog:chromeOptions: {debuggerAddress: localhost:53140}, javascriptEnabled: true, networkConnectionEnabled: false, pageLoadStrategy: normal, platform: WINDOWS, platformName: WINDOWS, proxy: Proxy(), setWindowRect: true, strictFileInteractability: false, timeouts: {implicit: 0, pageLoad: 300000, script: 30000}, unhandledPromptBehavior: dismiss and notify, webauthn:virtualAuthenticators: true, webdriver.remote.sessionid: 5efe7dd3c09614d5602aefca4a5...}
Session ID: 5efe7dd3c09614d5602aefca4a5ce445
*** Element info: {Using=xpath, value=//*[@id="root"]/div/div[2]/div/div/div[2]/div/div[2]/div[1]/div/div/div/input}
at org.openqa.selenium.remote.http.W3CHttpResponseCodec.createException(W3CHttpResponseCodec.java:187)
at org.openqa.selenium.remote.http.W3CHttpResponseCodec.decode(W3CHttpResponseCodec.java:122)
at org.openqa.selenium.remote.http.W3CHttpResponseCodec.decode(W3CHttpResponseCodec.java:49)
at org.openqa.selenium.remote.HttpCommandExecutor.execute(HttpCommandExecutor.java:158)
at org.openqa.selenium.remote.RemoteWebDriver.execute(RemoteWebDriver.java:552)
at org.openqa.selenium.remote.RemoteWebDriver.findElement(RemoteWebDriver.java:323)
at org.openqa.selenium.remote.RemoteWebDriver.findElementByXPath(RemoteWebDriver.java:428)
at org.openqa.selenium.By$ByXPath.findElement(By.java:353)
at org.openqa.selenium.remote.RemoteWebDriver.findElement(RemoteWebDriver.java:315)
at org.openqa.selenium.support.pagefactory.DefaultElementLocator.findElement(DefaultElementLocator.java:69)
at org.openqa.selenium.support.pagefactory.internal.LocatingElementHandler.invoke(LocatingElementHandler.java:38)
at com.sun.proxy.$Proxy15.sendKeys(Unknown Source)
at Pages.CabSearch.set_FromCity_And_ToCity(CabSearch.java:77)
at Pages.CabSearch.set_Cab_Details(CabSearch.java:62)
at TestCases.ValidTestCases.test_Set_Cab_Details(ValidTestCases.java:183)
at java.base/java.util.concurrent.ThreadPoolExecutor.runWorker(ThreadPoolExecutor.java:1130)
at java.base/java.util.concurrent.ThreadPoolExecutor$Worker.run(ThreadPoolExecutor.java:630)
at java.base/java.lang.Thread.run(Thread.java:832)
... Removed 17 stack frames]]>
    </failure>
  </testcase> <!-- test_Set_Cab_Details -->
  <testcase classname="TestCases.ValidTestCases" name="test_To_Check_Cab_Details" time="16.415">
    <failure type="org.openqa.selenium.NoSuchElementException" message="no such element: Unable to locate element: {&amp;quot;method&amp;quot;:&amp;quot;xpath&amp;quot;,&amp;quot;selector&amp;quot;:&amp;quot;//input[@id=&amp;apos;tripType&amp;apos;]&amp;quot;}
  (Session info: chrome=83.0.4103.97)
For documentation on this error, please visit: https://www.seleniumhq.org/exceptions/no_such_element.html
Build info: version: &amp;apos;3.141.59&amp;apos;, revision: &amp;apos;e82be7d358&amp;apos;, time: &amp;apos;2018-11-14T08:17:03&amp;apos;
System info: host: &amp;apos;DESKTOP-D5BDHV5&amp;apos;, ip: &amp;apos;192.168.43.207&amp;apos;, os.name: &amp;apos;Windows 10&amp;apos;, os.arch: &amp;apos;amd64&amp;apos;, os.version: &amp;apos;10.0&amp;apos;, java.version: &amp;apos;14.0.1&amp;apos;
Driver info: org.openqa.selenium.remote.RemoteWebDriver
Capabilities {acceptInsecureCerts: false, browserName: chrome, browserVersion: 83.0.4103.97, chrome: {chromedriverVersion: 83.0.4103.39 (ccbf011cb2d2b..., userDataDir: C:\Users\yuvan\AppData\Loca...}, goog:chromeOptions: {debuggerAddress: localhost:53140}, javascriptEnabled: true, networkConnectionEnabled: false, pageLoadStrategy: normal, platform: WINDOWS, platformName: WINDOWS, proxy: Proxy(), setWindowRect: true, strictFileInteractability: false, timeouts: {implicit: 0, pageLoad: 300000, script: 30000}, unhandledPromptBehavior: dismiss and notify, webauthn:virtualAuthenticators: true, webdriver.remote.sessionid: 5efe7dd3c09614d5602aefca4a5...}
Session ID: 5efe7dd3c09614d5602aefca4a5ce445
*** Element info: {Using=xpath, value=//input[@id=&amp;apos;tripType&amp;apos;]}">
      <![CDATA[org.openqa.selenium.NoSuchElementException: no such element: Unable to locate element: {"method":"xpath","selector":"//input[@id='tripType']"}
  (Session info: chrome=83.0.4103.97)
For documentation on this error, please visit: https://www.seleniumhq.org/exceptions/no_such_element.html
Build info: version: '3.141.59', revision: 'e82be7d358', time: '2018-11-14T08:17:03'
System info: host: 'DESKTOP-D5BDHV5', ip: '192.168.43.207', os.name: 'Windows 10', os.arch: 'amd64', os.version: '10.0', java.version: '14.0.1'
Driver info: org.openqa.selenium.remote.RemoteWebDriver
Capabilities {acceptInsecureCerts: false, browserName: chrome, browserVersion: 83.0.4103.97, chrome: {chromedriverVersion: 83.0.4103.39 (ccbf011cb2d2b..., userDataDir: C:\Users\yuvan\AppData\Loca...}, goog:chromeOptions: {debuggerAddress: localhost:53140}, javascriptEnabled: true, networkConnectionEnabled: false, pageLoadStrategy: normal, platform: WINDOWS, platformName: WINDOWS, proxy: Proxy(), setWindowRect: true, strictFileInteractability: false, timeouts: {implicit: 0, pageLoad: 300000, script: 30000}, unhandledPromptBehavior: dismiss and notify, webauthn:virtualAuthenticators: true, webdriver.remote.sessionid: 5efe7dd3c09614d5602aefca4a5...}
Session ID: 5efe7dd3c09614d5602aefca4a5ce445
*** Element info: {Using=xpath, value=//input[@id='tripType']}
at org.openqa.selenium.remote.http.W3CHttpResponseCodec.createException(W3CHttpResponseCodec.java:187)
at org.openqa.selenium.remote.http.W3CHttpResponseCodec.decode(W3CHttpResponseCodec.java:122)
at org.openqa.selenium.remote.http.W3CHttpResponseCodec.decode(W3CHttpResponseCodec.java:49)
at org.openqa.selenium.remote.HttpCommandExecutor.execute(HttpCommandExecutor.java:158)
at org.openqa.selenium.remote.RemoteWebDriver.execute(RemoteWebDriver.java:552)
at org.openqa.selenium.remote.RemoteWebDriver.findElement(RemoteWebDriver.java:323)
at org.openqa.selenium.remote.RemoteWebDriver.findElementByXPath(RemoteWebDriver.java:428)
at org.openqa.selenium.By$ByXPath.findElement(By.java:353)
at org.openqa.selenium.remote.RemoteWebDriver.findElement(RemoteWebDriver.java:315)
at Pages.CabSearch.check_Trip_Type(CabSearch.java:182)
at TestCases.ValidTestCases.test_To_Check_Cab_Details(ValidTestCases.java:197)
at java.base/java.util.concurrent.ThreadPoolExecutor.runWorker(ThreadPoolExecutor.java:1130)
at java.base/java.util.concurrent.ThreadPoolExecutor$Worker.run(ThreadPoolExecutor.java:630)
at java.base/java.lang.Thread.run(Thread.java:832)
... Removed 17 stack frames]]>
    </failure>
  </testcase> <!-- test_To_Check_Cab_Details -->
  <testcase classname="TestCases.ValidTestCases" name="test_Flight_Button" time="10.076">
    <failure type="org.openqa.selenium.NoSuchElementException" message="no such element: Unable to locate element: {&amp;quot;method&amp;quot;:&amp;quot;xpath&amp;quot;,&amp;quot;selector&amp;quot;:&amp;quot;//*[@id=&amp;quot;root&amp;quot;]/div/div[1]/div/div/div/nav/ul/li[1]/a/span[1]&amp;quot;}
  (Session info: chrome=83.0.4103.97)
For documentation on this error, please visit: https://www.seleniumhq.org/exceptions/no_such_element.html
Build info: version: &amp;apos;3.141.59&amp;apos;, revision: &amp;apos;e82be7d358&amp;apos;, time: &amp;apos;2018-11-14T08:17:03&amp;apos;
System info: host: &amp;apos;DESKTOP-D5BDHV5&amp;apos;, ip: &amp;apos;192.168.43.207&amp;apos;, os.name: &amp;apos;Windows 10&amp;apos;, os.arch: &amp;apos;amd64&amp;apos;, os.version: &amp;apos;10.0&amp;apos;, java.version: &amp;apos;14.0.1&amp;apos;
Driver info: org.openqa.selenium.remote.RemoteWebDriver
Capabilities {acceptInsecureCerts: false, browserName: chrome, browserVersion: 83.0.4103.97, chrome: {chromedriverVersion: 83.0.4103.39 (ccbf011cb2d2b..., userDataDir: C:\Users\yuvan\AppData\Loca...}, goog:chromeOptions: {debuggerAddress: localhost:53140}, javascriptEnabled: true, networkConnectionEnabled: false, pageLoadStrategy: normal, platform: WINDOWS, platformName: WINDOWS, proxy: Proxy(), setWindowRect: true, strictFileInteractability: false, timeouts: {implicit: 0, pageLoad: 300000, script: 30000}, unhandledPromptBehavior: dismiss and notify, webauthn:virtualAuthenticators: true, webdriver.remote.sessionid: 5efe7dd3c09614d5602aefca4a5...}
Session ID: 5efe7dd3c09614d5602aefca4a5ce445
*** Element info: {Using=xpath, value=//*[@id=&amp;quot;root&amp;quot;]/div/div[1]/div/div/div/nav/ul/li[1]/a/span[1]}">
      <![CDATA[org.openqa.selenium.NoSuchElementException: no such element: Unable to locate element: {"method":"xpath","selector":"//*[@id="root"]/div/div[1]/div/div/div/nav/ul/li[1]/a/span[1]"}
  (Session info: chrome=83.0.4103.97)
For documentation on this error, please visit: https://www.seleniumhq.org/exceptions/no_such_element.html
Build info: version: '3.141.59', revision: 'e82be7d358', time: '2018-11-14T08:17:03'
System info: host: 'DESKTOP-D5BDHV5', ip: '192.168.43.207', os.name: 'Windows 10', os.arch: 'amd64', os.version: '10.0', java.version: '14.0.1'
Driver info: org.openqa.selenium.remote.RemoteWebDriver
Capabilities {acceptInsecureCerts: false, browserName: chrome, browserVersion: 83.0.4103.97, chrome: {chromedriverVersion: 83.0.4103.39 (ccbf011cb2d2b..., userDataDir: C:\Users\yuvan\AppData\Loca...}, goog:chromeOptions: {debuggerAddress: localhost:53140}, javascriptEnabled: true, networkConnectionEnabled: false, pageLoadStrategy: normal, platform: WINDOWS, platformName: WINDOWS, proxy: Proxy(), setWindowRect: true, strictFileInteractability: false, timeouts: {implicit: 0, pageLoad: 300000, script: 30000}, unhandledPromptBehavior: dismiss and notify, webauthn:virtualAuthenticators: true, webdriver.remote.sessionid: 5efe7dd3c09614d5602aefca4a5...}
Session ID: 5efe7dd3c09614d5602aefca4a5ce445
*** Element info: {Using=xpath, value=//*[@id="root"]/div/div[1]/div/div/div/nav/ul/li[1]/a/span[1]}
at org.openqa.selenium.remote.http.W3CHttpResponseCodec.createException(W3CHttpResponseCodec.java:187)
at org.openqa.selenium.remote.http.W3CHttpResponseCodec.decode(W3CHttpResponseCodec.java:122)
at org.openqa.selenium.remote.http.W3CHttpResponseCodec.decode(W3CHttpResponseCodec.java:49)
at org.openqa.selenium.remote.HttpCommandExecutor.execute(HttpCommandExecutor.java:158)
at org.openqa.selenium.remote.RemoteWebDriver.execute(RemoteWebDriver.java:552)
at org.openqa.selenium.remote.RemoteWebDriver.findElement(RemoteWebDriver.java:323)
at org.openqa.selenium.remote.RemoteWebDriver.findElementByXPath(RemoteWebDriver.java:428)
at org.openqa.selenium.By$ByXPath.findElement(By.java:353)
at org.openqa.selenium.remote.RemoteWebDriver.findElement(RemoteWebDriver.java:315)
at org.openqa.selenium.support.pagefactory.DefaultElementLocator.findElement(DefaultElementLocator.java:69)
at org.openqa.selenium.support.pagefactory.internal.LocatingElementHandler.invoke(LocatingElementHandler.java:38)
at com.sun.proxy.$Proxy15.isEnabled(Unknown Source)
at Pages.HomePage.click_Flight_Icon(HomePage.java:75)
at TestCases.ValidTestCases.test_Flight_Button(ValidTestCases.java:232)
at java.base/java.util.concurrent.ThreadPoolExecutor.runWorker(ThreadPoolExecutor.java:1130)
at java.base/java.util.concurrent.ThreadPoolExecutor$Worker.run(ThreadPoolExecutor.java:630)
at java.base/java.lang.Thread.run(Thread.java:832)
... Removed 17 stack frames]]>
    </failure>
  </testcase> <!-- test_Flight_Button -->
  <testcase classname="TestCases.ValidTestCases" name="test_Flight_Page_Title" time="0.044">
    <failure type="java.lang.AssertionError" message="expected [true] but found [false]">
      <![CDATA[java.lang.AssertionError: expected [true] but found [false]
at TestCases.ValidTestCases.test_Flight_Page_Title(ValidTestCases.java:243)
at java.base/java.util.concurrent.ThreadPoolExecutor.runWorker(ThreadPoolExecutor.java:1130)
at java.base/java.util.concurrent.ThreadPoolExecutor$Worker.run(ThreadPoolExecutor.java:630)
at java.base/java.lang.Thread.run(Thread.java:832)
... Removed 16 stack frames]]>
    </failure>
  </testcase> <!-- test_Flight_Page_Title -->
  <testcase classname="TestCases.InvalidTestCases" name="test_GiftCard" time="53.064"/>
  <testcase classname="TestCases.ValidTestCases" name="test_Set_Flight_Details" time="10.206">
    <failure type="org.openqa.selenium.NoSuchElementException" message="no such element: Unable to locate element: {&amp;quot;method&amp;quot;:&amp;quot;xpath&amp;quot;,&amp;quot;selector&amp;quot;:&amp;quot;//*[@id=&amp;apos;root&amp;apos;]/div/div[2]/div/div/div[1]/ul/li[2]&amp;quot;}
  (Session info: chrome=83.0.4103.97)
For documentation on this error, please visit: https://www.seleniumhq.org/exceptions/no_such_element.html
Build info: version: &amp;apos;3.141.59&amp;apos;, revision: &amp;apos;e82be7d358&amp;apos;, time: &amp;apos;2018-11-14T08:17:03&amp;apos;
System info: host: &amp;apos;DESKTOP-D5BDHV5&amp;apos;, ip: &amp;apos;192.168.43.207&amp;apos;, os.name: &amp;apos;Windows 10&amp;apos;, os.arch: &amp;apos;amd64&amp;apos;, os.version: &amp;apos;10.0&amp;apos;, java.version: &amp;apos;14.0.1&amp;apos;
Driver info: org.openqa.selenium.remote.RemoteWebDriver
Capabilities {acceptInsecureCerts: false, browserName: chrome, browserVersion: 83.0.4103.97, chrome: {chromedriverVersion: 83.0.4103.39 (ccbf011cb2d2b..., userDataDir: C:\Users\yuvan\AppData\Loca...}, goog:chromeOptions: {debuggerAddress: localhost:53140}, javascriptEnabled: true, networkConnectionEnabled: false, pageLoadStrategy: normal, platform: WINDOWS, platformName: WINDOWS, proxy: Proxy(), setWindowRect: true, strictFileInteractability: false, timeouts: {implicit: 0, pageLoad: 300000, script: 30000}, unhandledPromptBehavior: dismiss and notify, webauthn:virtualAuthenticators: true, webdriver.remote.sessionid: 5efe7dd3c09614d5602aefca4a5...}
Session ID: 5efe7dd3c09614d5602aefca4a5ce445
*** Element info: {Using=xpath, value=//*[@id=&amp;apos;root&amp;apos;]/div/div[2]/div/div/div[1]/ul/li[2]}">
      <![CDATA[org.openqa.selenium.NoSuchElementException: no such element: Unable to locate element: {"method":"xpath","selector":"//*[@id='root']/div/div[2]/div/div/div[1]/ul/li[2]"}
  (Session info: chrome=83.0.4103.97)
For documentation on this error, please visit: https://www.seleniumhq.org/exceptions/no_such_element.html
Build info: version: '3.141.59', revision: 'e82be7d358', time: '2018-11-14T08:17:03'
System info: host: 'DESKTOP-D5BDHV5', ip: '192.168.43.207', os.name: 'Windows 10', os.arch: 'amd64', os.version: '10.0', java.version: '14.0.1'
Driver info: org.openqa.selenium.remote.RemoteWebDriver
Capabilities {acceptInsecureCerts: false, browserName: chrome, browserVersion: 83.0.4103.97, chrome: {chromedriverVersion: 83.0.4103.39 (ccbf011cb2d2b..., userDataDir: C:\Users\yuvan\AppData\Loca...}, goog:chromeOptions: {debuggerAddress: localhost:53140}, javascriptEnabled: true, networkConnectionEnabled: false, pageLoadStrategy: normal, platform: WINDOWS, platformName: WINDOWS, proxy: Proxy(), setWindowRect: true, strictFileInteractability: false, timeouts: {implicit: 0, pageLoad: 300000, script: 30000}, unhandledPromptBehavior: dismiss and notify, webauthn:virtualAuthenticators: true, webdriver.remote.sessionid: 5efe7dd3c09614d5602aefca4a5...}
Session ID: 5efe7dd3c09614d5602aefca4a5ce445
*** Element info: {Using=xpath, value=//*[@id='root']/div/div[2]/div/div/div[1]/ul/li[2]}
at org.openqa.selenium.remote.http.W3CHttpResponseCodec.createException(W3CHttpResponseCodec.java:187)
at org.openqa.selenium.remote.http.W3CHttpResponseCodec.decode(W3CHttpResponseCodec.java:122)
at org.openqa.selenium.remote.http.W3CHttpResponseCodec.decode(W3CHttpResponseCodec.java:49)
at org.openqa.selenium.remote.HttpCommandExecutor.execute(HttpCommandExecutor.java:158)
at org.openqa.selenium.remote.RemoteWebDriver.execute(RemoteWebDriver.java:552)
at org.openqa.selenium.remote.RemoteWebDriver.findElement(RemoteWebDriver.java:323)
at org.openqa.selenium.remote.RemoteWebDriver.findElementByXPath(RemoteWebDriver.java:428)
at org.openqa.selenium.By$ByXPath.findElement(By.java:353)
at org.openqa.selenium.remote.RemoteWebDriver.findElement(RemoteWebDriver.java:315)
at org.openqa.selenium.support.pagefactory.DefaultElementLocator.findElement(DefaultElementLocator.java:69)
at org.openqa.selenium.support.pagefactory.internal.LocatingElementHandler.invoke(LocatingElementHandler.java:38)
at com.sun.proxy.$Proxy15.click(Unknown Source)
at Pages.FlightSearch.click_RoundTrip_Button(FlightSearch.java:139)
at TestCases.ValidTestCases.test_Set_Flight_Details(ValidTestCases.java:255)
at java.base/java.util.concurrent.ThreadPoolExecutor.runWorker(ThreadPoolExecutor.java:1130)
at java.base/java.util.concurrent.ThreadPoolExecutor$Worker.run(ThreadPoolExecutor.java:630)
at java.base/java.lang.Thread.run(Thread.java:832)
... Removed 17 stack frames]]>
    </failure>
  </testcase> <!-- test_Set_Flight_Details -->
  <testcase classname="TestCases.ValidTestCases" name="test_Hotel_Booking_Icon" time="10.062">
    <failure type="org.openqa.selenium.NoSuchElementException" message="no such element: Unable to locate element: {&amp;quot;method&amp;quot;:&amp;quot;xpath&amp;quot;,&amp;quot;selector&amp;quot;:&amp;quot;//li[contains(@class,&amp;apos;menu_Hotels&amp;apos;)]//a[contains(@class,&amp;apos;makeFlex hrtlCenter column&amp;apos;)]&amp;quot;}
  (Session info: chrome=83.0.4103.97)
For documentation on this error, please visit: https://www.seleniumhq.org/exceptions/no_such_element.html
Build info: version: &amp;apos;3.141.59&amp;apos;, revision: &amp;apos;e82be7d358&amp;apos;, time: &amp;apos;2018-11-14T08:17:03&amp;apos;
System info: host: &amp;apos;DESKTOP-D5BDHV5&amp;apos;, ip: &amp;apos;192.168.43.207&amp;apos;, os.name: &amp;apos;Windows 10&amp;apos;, os.arch: &amp;apos;amd64&amp;apos;, os.version: &amp;apos;10.0&amp;apos;, java.version: &amp;apos;14.0.1&amp;apos;
Driver info: org.openqa.selenium.remote.RemoteWebDriver
Capabilities {acceptInsecureCerts: false, browserName: chrome, browserVersion: 83.0.4103.97, chrome: {chromedriverVersion: 83.0.4103.39 (ccbf011cb2d2b..., userDataDir: C:\Users\yuvan\AppData\Loca...}, goog:chromeOptions: {debuggerAddress: localhost:53140}, javascriptEnabled: true, networkConnectionEnabled: false, pageLoadStrategy: normal, platform: WINDOWS, platformName: WINDOWS, proxy: Proxy(), setWindowRect: true, strictFileInteractability: false, timeouts: {implicit: 0, pageLoad: 300000, script: 30000}, unhandledPromptBehavior: dismiss and notify, webauthn:virtualAuthenticators: true, webdriver.remote.sessionid: 5efe7dd3c09614d5602aefca4a5...}
Session ID: 5efe7dd3c09614d5602aefca4a5ce445
*** Element info: {Using=xpath, value=//li[contains(@class,&amp;apos;menu_Hotels&amp;apos;)]//a[contains(@class,&amp;apos;makeFlex hrtlCenter column&amp;apos;)]}">
      <![CDATA[org.openqa.selenium.NoSuchElementException: no such element: Unable to locate element: {"method":"xpath","selector":"//li[contains(@class,'menu_Hotels')]//a[contains(@class,'makeFlex hrtlCenter column')]"}
  (Session info: chrome=83.0.4103.97)
For documentation on this error, please visit: https://www.seleniumhq.org/exceptions/no_such_element.html
Build info: version: '3.141.59', revision: 'e82be7d358', time: '2018-11-14T08:17:03'
System info: host: 'DESKTOP-D5BDHV5', ip: '192.168.43.207', os.name: 'Windows 10', os.arch: 'amd64', os.version: '10.0', java.version: '14.0.1'
Driver info: org.openqa.selenium.remote.RemoteWebDriver
Capabilities {acceptInsecureCerts: false, browserName: chrome, browserVersion: 83.0.4103.97, chrome: {chromedriverVersion: 83.0.4103.39 (ccbf011cb2d2b..., userDataDir: C:\Users\yuvan\AppData\Loca...}, goog:chromeOptions: {debuggerAddress: localhost:53140}, javascriptEnabled: true, networkConnectionEnabled: false, pageLoadStrategy: normal, platform: WINDOWS, platformName: WINDOWS, proxy: Proxy(), setWindowRect: true, strictFileInteractability: false, timeouts: {implicit: 0, pageLoad: 300000, script: 30000}, unhandledPromptBehavior: dismiss and notify, webauthn:virtualAuthenticators: true, webdriver.remote.sessionid: 5efe7dd3c09614d5602aefca4a5...}
Session ID: 5efe7dd3c09614d5602aefca4a5ce445
*** Element info: {Using=xpath, value=//li[contains(@class,'menu_Hotels')]//a[contains(@class,'makeFlex hrtlCenter column')]}
at org.openqa.selenium.remote.http.W3CHttpResponseCodec.createException(W3CHttpResponseCodec.java:187)
at org.openqa.selenium.remote.http.W3CHttpResponseCodec.decode(W3CHttpResponseCodec.java:122)
at org.openqa.selenium.remote.http.W3CHttpResponseCodec.decode(W3CHttpResponseCodec.java:49)
at org.openqa.selenium.remote.HttpCommandExecutor.execute(HttpCommandExecutor.java:158)
at org.openqa.selenium.remote.RemoteWebDriver.execute(RemoteWebDriver.java:552)
at org.openqa.selenium.remote.RemoteWebDriver.findElement(RemoteWebDriver.java:323)
at org.openqa.selenium.remote.RemoteWebDriver.findElementByXPath(RemoteWebDriver.java:428)
at org.openqa.selenium.By$ByXPath.findElement(By.java:353)
at org.openqa.selenium.remote.RemoteWebDriver.findElement(RemoteWebDriver.java:315)
at org.openqa.selenium.support.pagefactory.DefaultElementLocator.findElement(DefaultElementLocator.java:69)
at org.openqa.selenium.support.pagefactory.internal.LocatingElementHandler.invoke(LocatingElementHandler.java:38)
at com.sun.proxy.$Proxy15.isEnabled(Unknown Source)
at Pages.HomePage.click_HotelBooking_Icon(HomePage.java:82)
at TestCases.ValidTestCases.test_Hotel_Booking_Icon(ValidTestCases.java:272)
at java.base/java.util.concurrent.ThreadPoolExecutor.runWorker(ThreadPoolExecutor.java:1130)
at java.base/java.util.concurrent.ThreadPoolExecutor$Worker.run(ThreadPoolExecutor.java:630)
at java.base/java.lang.Thread.run(Thread.java:832)
... Removed 17 stack frames]]>
    </failure>
  </testcase> <!-- test_Hotel_Booking_Icon -->
  <testcase classname="TestCases.ValidTestCases" name="test_Hotel_Booking_Page_Title" time="0.035">
    <failure type="java.lang.AssertionError" message="expected [true] but found [false]">
      <![CDATA[java.lang.AssertionError: expected [true] but found [false]
at TestCases.ValidTestCases.test_Hotel_Booking_Page_Title(ValidTestCases.java:283)
at java.base/java.util.concurrent.ThreadPoolExecutor.runWorker(ThreadPoolExecutor.java:1130)
at java.base/java.util.concurrent.ThreadPoolExecutor$Worker.run(ThreadPoolExecutor.java:630)
at java.base/java.lang.Thread.run(Thread.java:832)
... Removed 16 stack frames]]>
    </failure>
  </testcase> <!-- test_Hotel_Booking_Page_Title -->
  <testcase classname="TestCases.ValidTestCases" name="test_Hotel_Booking" time="10.072">
    <failure type="org.openqa.selenium.NoSuchElementException" message="no such element: Unable to locate element: {&amp;quot;method&amp;quot;:&amp;quot;xpath&amp;quot;,&amp;quot;selector&amp;quot;:&amp;quot;//*[@id=&amp;quot;root&amp;quot;]/div/div[2]/div/div/div[2]/div/div/div[4]/label/p&amp;quot;}
  (Session info: chrome=83.0.4103.97)
For documentation on this error, please visit: https://www.seleniumhq.org/exceptions/no_such_element.html
Build info: version: &amp;apos;3.141.59&amp;apos;, revision: &amp;apos;e82be7d358&amp;apos;, time: &amp;apos;2018-11-14T08:17:03&amp;apos;
System info: host: &amp;apos;DESKTOP-D5BDHV5&amp;apos;, ip: &amp;apos;192.168.43.207&amp;apos;, os.name: &amp;apos;Windows 10&amp;apos;, os.arch: &amp;apos;amd64&amp;apos;, os.version: &amp;apos;10.0&amp;apos;, java.version: &amp;apos;14.0.1&amp;apos;
Driver info: org.openqa.selenium.remote.RemoteWebDriver
Capabilities {acceptInsecureCerts: false, browserName: chrome, browserVersion: 83.0.4103.97, chrome: {chromedriverVersion: 83.0.4103.39 (ccbf011cb2d2b..., userDataDir: C:\Users\yuvan\AppData\Loca...}, goog:chromeOptions: {debuggerAddress: localhost:53140}, javascriptEnabled: true, networkConnectionEnabled: false, pageLoadStrategy: normal, platform: WINDOWS, platformName: WINDOWS, proxy: Proxy(), setWindowRect: true, strictFileInteractability: false, timeouts: {implicit: 0, pageLoad: 300000, script: 30000}, unhandledPromptBehavior: dismiss and notify, webauthn:virtualAuthenticators: true, webdriver.remote.sessionid: 5efe7dd3c09614d5602aefca4a5...}
Session ID: 5efe7dd3c09614d5602aefca4a5ce445
*** Element info: {Using=xpath, value=//*[@id=&amp;quot;root&amp;quot;]/div/div[2]/div/div/div[2]/div/div/div[4]/label/p}">
      <![CDATA[org.openqa.selenium.NoSuchElementException: no such element: Unable to locate element: {"method":"xpath","selector":"//*[@id="root"]/div/div[2]/div/div/div[2]/div/div/div[4]/label/p"}
  (Session info: chrome=83.0.4103.97)
For documentation on this error, please visit: https://www.seleniumhq.org/exceptions/no_such_element.html
Build info: version: '3.141.59', revision: 'e82be7d358', time: '2018-11-14T08:17:03'
System info: host: 'DESKTOP-D5BDHV5', ip: '192.168.43.207', os.name: 'Windows 10', os.arch: 'amd64', os.version: '10.0', java.version: '14.0.1'
Driver info: org.openqa.selenium.remote.RemoteWebDriver
Capabilities {acceptInsecureCerts: false, browserName: chrome, browserVersion: 83.0.4103.97, chrome: {chromedriverVersion: 83.0.4103.39 (ccbf011cb2d2b..., userDataDir: C:\Users\yuvan\AppData\Loca...}, goog:chromeOptions: {debuggerAddress: localhost:53140}, javascriptEnabled: true, networkConnectionEnabled: false, pageLoadStrategy: normal, platform: WINDOWS, platformName: WINDOWS, proxy: Proxy(), setWindowRect: true, strictFileInteractability: false, timeouts: {implicit: 0, pageLoad: 300000, script: 30000}, unhandledPromptBehavior: dismiss and notify, webauthn:virtualAuthenticators: true, webdriver.remote.sessionid: 5efe7dd3c09614d5602aefca4a5...}
Session ID: 5efe7dd3c09614d5602aefca4a5ce445
*** Element info: {Using=xpath, value=//*[@id="root"]/div/div[2]/div/div/div[2]/div/div/div[4]/label/p}
at org.openqa.selenium.remote.http.W3CHttpResponseCodec.createException(W3CHttpResponseCodec.java:187)
at org.openqa.selenium.remote.http.W3CHttpResponseCodec.decode(W3CHttpResponseCodec.java:122)
at org.openqa.selenium.remote.http.W3CHttpResponseCodec.decode(W3CHttpResponseCodec.java:49)
at org.openqa.selenium.remote.HttpCommandExecutor.execute(HttpCommandExecutor.java:158)
at org.openqa.selenium.remote.RemoteWebDriver.execute(RemoteWebDriver.java:552)
at org.openqa.selenium.remote.RemoteWebDriver.findElement(RemoteWebDriver.java:323)
at org.openqa.selenium.remote.RemoteWebDriver.findElementByXPath(RemoteWebDriver.java:428)
at org.openqa.selenium.By$ByXPath.findElement(By.java:353)
at org.openqa.selenium.remote.RemoteWebDriver.findElement(RemoteWebDriver.java:315)
at org.openqa.selenium.support.pagefactory.DefaultElementLocator.findElement(DefaultElementLocator.java:69)
at org.openqa.selenium.support.pagefactory.internal.LocatingElementHandler.invoke(LocatingElementHandler.java:38)
at com.sun.proxy.$Proxy15.click(Unknown Source)
at Pages.HotelBooking.click_Rooms_And_Guests(HotelBooking.java:39)
at Pages.HotelBooking.set_Hotel_Details(HotelBooking.java:33)
at TestCases.ValidTestCases.test_Hotel_Booking(ValidTestCases.java:296)
at java.base/java.util.concurrent.ThreadPoolExecutor.runWorker(ThreadPoolExecutor.java:1130)
at java.base/java.util.concurrent.ThreadPoolExecutor$Worker.run(ThreadPoolExecutor.java:630)
at java.base/java.lang.Thread.run(Thread.java:832)
... Removed 17 stack frames]]>
    </failure>
  </testcase> <!-- test_Hotel_Booking -->
  <testcase classname="Setup.BaseClass" name="@BeforeSuite generate_ExtentReport" time="0.0">
    <ignored/>
  </testcase> <!-- @BeforeSuite generate_ExtentReport -->
</testsuite> <!-- Regression Test -->
