<?xml version="1.0" encoding="UTF-8"?>
<!-- Generated by org.testng.reporters.JUnitXMLReporter -->
<testsuite ignored="0" hostname="DESKTOP-D5BDHV5" failures="0" tests="7" name="Regression Test 2" time="64.07" errors="0" timestamp="2020-06-24T14:07:08 IST">
  <testcase classname="TestCases.InvalidTestCases" name="test_Invalid_Username_Details" time="6.076"/>
  <testcase classname="TestCases.InvalidTestCases" name="test_Invalid_Password_Details" time="13.21"/>
  <testcase classname="TestCases.InvalidTestCases" name="test_Same_Location_Of_Journey" time="2.577"/>
  <testcase classname="TestCases.InvalidTestCases" name="test_Invalid_Date_Of_Journey" time="0.601"/>
  <testcase classname="TestCases.InvalidTestCases" name="test_ReturnDate_Disabled" time="0.057"/>
  <testcase classname="TestCases.InvalidTestCases" name="test_OutstationTrip_Selected" time="0.672"/>
  <testcase classname="TestCases.InvalidTestCases" name="test_GiftCard" time="18.296"/>
</testsuite> <!-- Regression Test 2 -->
