<?xml version="1.0" encoding="UTF-8"?>
<!-- Generated by org.testng.reporters.JUnitXMLReporter -->
<testsuite ignored="0" hostname="DESKTOP-RIVIQO4" failures="0" tests="7" name="Default test" time="77.348" errors="0" timestamp="2020-06-05T11:40:05 IST">
  <testcase classname="TestCases.InvalidTestCases" name="test_Invalid_Username_Details" time="15.577"/>
  <testcase classname="TestCases.InvalidTestCases" name="test_Invalid_Password_Details" time="10.455"/>
  <testcase classname="TestCases.InvalidTestCases" name="test_Same_Location_Of_Journey" time="5.061"/>
  <testcase classname="TestCases.InvalidTestCases" name="test_Invalid_Date_Of_Journey" time="0.888"/>
  <testcase classname="TestCases.InvalidTestCases" name="test_ReturnDate_Disabled" time="0.052"/>
  <testcase classname="TestCases.InvalidTestCases" name="test_OutstationTrip_Selected" time="1.061"/>
  <testcase classname="TestCases.InvalidTestCases" name="test_GiftCard" time="9.953"/>
</testsuite> <!-- Default test -->
