<?xml version="1.0" encoding="UTF-8"?>
<!-- Generated by org.testng.reporters.JUnitXMLReporter -->
<testsuite ignored="11" hostname="DESKTOP-D5BDHV5" failures="0" tests="3" name="Smoke Test" time="84.098" errors="0" timestamp="2020-06-15T09:11:20 IST">
  <testcase classname="TestCases.ValidTestCases" name="test_URL_Appear_Correct" time="12.63"/>
  <testcase classname="TestCases.ValidTestCases" name="test_Cab_Icon" time="1.717"/>
  <testcase classname="TestCases.ValidTestCases" name="test_Set_Cab_Details" time="15.522"/>
  <testcase classname="TestCases.ValidTestCases" name="test_Set_Flight_Details" time="0.0">
    <ignored/>
  </testcase> <!-- test_Set_Flight_Details -->
  <testcase classname="TestCases.ValidTestCases" name="test_To_Check_Cab_Details" time="0.0">
    <ignored/>
  </testcase> <!-- test_To_Check_Cab_Details -->
  <testcase classname="TestCases.ValidTestCases" name="test_Flight_Button" time="0.0">
    <ignored/>
  </testcase> <!-- test_Flight_Button -->
  <testcase classname="TestCases.ValidTestCases" name="test_Hotel_Booking_Icon" time="0.0">
    <ignored/>
  </testcase> <!-- test_Hotel_Booking_Icon -->
  <testcase classname="TestCases.ValidTestCases" name="test_Hotel_Booking" time="0.0">
    <ignored/>
  </testcase> <!-- test_Hotel_Booking -->
  <testcase classname="TestCases.ValidTestCases" name="test_Cab_Page_Title" time="0.0">
    <ignored/>
  </testcase> <!-- test_Cab_Page_Title -->
  <testcase classname="TestCases.ValidTestCases" name="test_Flight_Icon" time="0.0">
    <ignored/>
  </testcase> <!-- test_Flight_Icon -->
  <testcase classname="TestCases.ValidTestCases" name="test_Home_Page_Title" time="0.0">
    <ignored/>
  </testcase> <!-- test_Home_Page_Title -->
  <testcase classname="TestCases.ValidTestCases" name="test_Hotel_Booking_Page_Title" time="0.0">
    <ignored/>
  </testcase> <!-- test_Hotel_Booking_Page_Title -->
  <testcase classname="TestCases.ValidTestCases" name="test_OutstationOneWay_TripType" time="0.0">
    <ignored/>
  </testcase> <!-- test_OutstationOneWay_TripType -->
  <testcase classname="TestCases.ValidTestCases" name="test_Flight_Page_Title" time="0.0">
    <ignored/>
  </testcase> <!-- test_Flight_Page_Title -->
</testsuite> <!-- Smoke Test -->
