<?xml version="1.0" encoding="UTF-8"?>
<!-- Generated by org.testng.reporters.JUnitXMLReporter -->
<testsuite ignored="11" hostname="DESKTOP-RIVIQO4" failures="0" tests="3" name="Test" time="152.953" errors="0" timestamp="2020-06-01T10:56:57 IST">
  <testcase classname="TestCases.ValidTestCases" name="test_URL_Appear_Correct" time="33.663"/>
  <testcase classname="TestCases.ValidTestCases" name="test_Cab_Button" time="4.122"/>
  <testcase classname="TestCases.ValidTestCases" name="test_Verify_Cab_Details" time="24.662"/>
  <testcase classname="TestCases.ValidTestCases" name="test_Flight_Details" time="0.0">
    <ignored/>
  </testcase> <!-- test_Flight_Details -->
  <testcase classname="TestCases.ValidTestCases" name="test_Flight_title" time="0.0">
    <ignored/>
  </testcase> <!-- test_Flight_title -->
  <testcase classname="TestCases.ValidTestCases" name="test_Home_Page_Title_Appear_Correct" time="0.0">
    <ignored/>
  </testcase> <!-- test_Home_Page_Title_Appear_Correct -->
  <testcase classname="TestCases.ValidTestCases" name="test_Cab_Travel_Details" time="0.0">
    <ignored/>
  </testcase> <!-- test_Cab_Travel_Details -->
  <testcase classname="TestCases.ValidTestCases" name="test_TripType" time="0.0">
    <ignored/>
  </testcase> <!-- test_TripType -->
  <testcase classname="TestCases.ValidTestCases" name="test_Hotel_title" time="0.0">
    <ignored/>
  </testcase> <!-- test_Hotel_title -->
  <testcase classname="TestCases.ValidTestCases" name="test_Cab_Title" time="0.0">
    <ignored/>
  </testcase> <!-- test_Cab_Title -->
  <testcase classname="TestCases.ValidTestCases" name="test_Hotel_Button" time="0.0">
    <ignored/>
  </testcase> <!-- test_Hotel_Button -->
  <testcase classname="TestCases.ValidTestCases" name="test_Hotel_Booking" time="0.0">
    <ignored/>
  </testcase> <!-- test_Hotel_Booking -->
  <testcase classname="TestCases.ValidTestCases" name="test_flight_Icon_Selected" time="0.0">
    <ignored/>
  </testcase> <!-- test_flight_Icon_Selected -->
  <testcase classname="TestCases.ValidTestCases" name="test_Flight_button" time="0.0">
    <ignored/>
  </testcase> <!-- test_Flight_button -->
</testsuite> <!-- Test -->
