<?xml version="1.0" encoding="UTF-8"?>
<!-- Generated by org.testng.reporters.JUnitXMLReporter -->
<testsuite ignored="6" hostname="DESKTOP-RIVIQO4" failures="0" tests="1" name="GiftCards Test" time="43.8" errors="0" timestamp="2020-06-04T11:36:23 IST">
  <testcase classname="TestCases.InvalidTestCases" name="test_GiftCard" time="25.833"/>
  <testcase classname="TestCases.InvalidTestCases" name="test_ReturnDate_Disabled" time="0.0">
    <ignored/>
  </testcase> <!-- test_ReturnDate_Disabled -->
  <testcase classname="TestCases.InvalidTestCases" name="test_OutstationTrip_Selected" time="0.0">
    <ignored/>
  </testcase> <!-- test_OutstationTrip_Selected -->
  <testcase classname="TestCases.InvalidTestCases" name="test_Invalid_Username_Details" time="0.0">
    <ignored/>
  </testcase> <!-- test_Invalid_Username_Details -->
  <testcase classname="TestCases.InvalidTestCases" name="test_Same_Location_Of_Journey" time="0.0">
    <ignored/>
  </testcase> <!-- test_Same_Location_Of_Journey -->
  <testcase classname="TestCases.InvalidTestCases" name="test_Invalid_Password_Details" time="0.0">
    <ignored/>
  </testcase> <!-- test_Invalid_Password_Details -->
  <testcase classname="TestCases.InvalidTestCases" name="test_Invalid_Date_Of_Journey" time="0.0">
    <ignored/>
  </testcase> <!-- test_Invalid_Date_Of_Journey -->
</testsuite> <!-- GiftCards Test -->
