<?xml version="1.0" encoding="UTF-8"?>
<testng-results ignored="0" total="23" passed="21" failed="2" skipped="0">
  <reporter-output>
  </reporter-output>
  <suite started-at="2020-06-23T20:19:01 IST" name="Regression Testing" finished-at="2020-06-23T20:22:40 IST" duration-ms="218914">
    <groups>
    </groups>
    <test started-at="2020-06-23T20:19:01 IST" name="Regression Test 1" finished-at="2020-06-23T20:20:59 IST" duration-ms="118008">
      <class name="TestCases.ValidTestCases">
        <test-method is-config="true" signature="get_Driver_Instance()[pri:0, instance:TestCases.ValidTestCases@2489e84a]" started-at="2020-06-23T20:19:01 IST" name="get_Driver_Instance" finished-at="2020-06-23T20:19:38 IST" duration-ms="37208" status="PASS">
          <reporter-output>
          </reporter-output>
        </test-method> <!-- get_Driver_Instance -->
        <test-method signature="test_URL_Appear_Correct()[pri:1, instance:TestCases.ValidTestCases@2489e84a]" started-at="2020-06-23T20:19:38 IST" name="test_URL_Appear_Correct" finished-at="2020-06-23T20:19:47 IST" duration-ms="8881" status="PASS">
          <reporter-output>
          </reporter-output>
        </test-method> <!-- test_URL_Appear_Correct -->
        <test-method is-config="true" signature="get_Test_Case_Result(org.testng.ITestResult)[pri:0, instance:TestCases.ValidTestCases@2489e84a]" started-at="2020-06-23T20:19:47 IST" name="get_Test_Case_Result" finished-at="2020-06-23T20:19:50 IST" duration-ms="3230" status="PASS">
          <params>
            <param index="0">
              <value>
                <![CDATA[[TestResult name=test_URL_Appear_Correct status=SUCCESS method=ValidTestCases.test_URL_Appear_Correct()[pri:1, instance:TestCases.ValidTestCases@2489e84a] output={null}]]]>
              </value>
            </param>
          </params>
          <reporter-output>
          </reporter-output>
        </test-method> <!-- get_Test_Case_Result -->
        <test-method signature="test_Home_Page_Title()[pri:2, instance:TestCases.ValidTestCases@2489e84a]" started-at="2020-06-23T20:19:50 IST" name="test_Home_Page_Title" finished-at="2020-06-23T20:19:50 IST" duration-ms="161" status="PASS">
          <reporter-output>
          </reporter-output>
        </test-method> <!-- test_Home_Page_Title -->
        <test-method is-config="true" signature="get_Test_Case_Result(org.testng.ITestResult)[pri:0, instance:TestCases.ValidTestCases@2489e84a]" started-at="2020-06-23T20:19:50 IST" name="get_Test_Case_Result" finished-at="2020-06-23T20:19:51 IST" duration-ms="456" status="PASS">
          <params>
            <param index="0">
              <value>
                <![CDATA[[TestResult name=test_Home_Page_Title status=SUCCESS method=ValidTestCases.test_Home_Page_Title()[pri:2, instance:TestCases.ValidTestCases@2489e84a] output={null}]]]>
              </value>
            </param>
          </params>
          <reporter-output>
          </reporter-output>
        </test-method> <!-- get_Test_Case_Result -->
        <test-method signature="test_SignIn_Button()[pri:3, instance:TestCases.ValidTestCases@2489e84a]" started-at="2020-06-23T20:19:51 IST" name="test_SignIn_Button" finished-at="2020-06-23T20:19:52 IST" duration-ms="1308" status="PASS">
          <reporter-output>
          </reporter-output>
        </test-method> <!-- test_SignIn_Button -->
        <test-method is-config="true" signature="get_Test_Case_Result(org.testng.ITestResult)[pri:0, instance:TestCases.ValidTestCases@2489e84a]" started-at="2020-06-23T20:19:52 IST" name="get_Test_Case_Result" finished-at="2020-06-23T20:19:53 IST" duration-ms="454" status="PASS">
          <params>
            <param index="0">
              <value>
                <![CDATA[[TestResult name=test_SignIn_Button status=SUCCESS method=ValidTestCases.test_SignIn_Button()[pri:3, instance:TestCases.ValidTestCases@2489e84a] output={null}]]]>
              </value>
            </param>
          </params>
          <reporter-output>
          </reporter-output>
        </test-method> <!-- get_Test_Case_Result -->
        <test-method signature="test_LogIn_Details()[pri:4, instance:TestCases.ValidTestCases@2489e84a]" started-at="2020-06-23T20:19:53 IST" name="test_LogIn_Details" finished-at="2020-06-23T20:20:04 IST" duration-ms="10904" status="FAIL">
          <exception class="java.lang.AssertionError">
            <message>
              <![CDATA[expected [true] but found [false]]]>
            </message>
            <full-stacktrace>
              <![CDATA[java.lang.AssertionError: expected [true] but found [false]
at org.testng.Assert.fail(Assert.java:97)
at org.testng.Assert.failNotEquals(Assert.java:969)
at org.testng.Assert.assertTrue(Assert.java:43)
at org.testng.Assert.assertTrue(Assert.java:53)
at TestCases.ValidTestCases.test_LogIn_Details(ValidTestCases.java:119)
at java.base/jdk.internal.reflect.NativeMethodAccessorImpl.invoke0(Native Method)
at java.base/jdk.internal.reflect.NativeMethodAccessorImpl.invoke(NativeMethodAccessorImpl.java:62)
at java.base/jdk.internal.reflect.DelegatingMethodAccessorImpl.invoke(DelegatingMethodAccessorImpl.java:43)
at java.base/java.lang.reflect.Method.invoke(Method.java:564)
at org.testng.internal.MethodInvocationHelper.invokeMethod(MethodInvocationHelper.java:134)
at org.testng.internal.TestInvoker.invokeMethod(TestInvoker.java:597)
at org.testng.internal.TestInvoker.invokeTestMethod(TestInvoker.java:173)
at org.testng.internal.MethodRunner.runInSequence(MethodRunner.java:46)
at org.testng.internal.TestInvoker$MethodInvocationAgent.invoke(TestInvoker.java:816)
at org.testng.internal.TestInvoker.invokeTestMethods(TestInvoker.java:146)
at org.testng.internal.TestMethodWorker.invokeTestMethods(TestMethodWorker.java:146)
at org.testng.internal.TestMethodWorker.run(TestMethodWorker.java:128)
at java.base/java.util.ArrayList.forEach(ArrayList.java:1510)
at org.testng.TestRunner.privateRun(TestRunner.java:766)
at org.testng.TestRunner.run(TestRunner.java:587)
at org.testng.SuiteRunner.runTest(SuiteRunner.java:384)
at org.testng.SuiteRunner.runSequentially(SuiteRunner.java:378)
at org.testng.SuiteRunner.privateRun(SuiteRunner.java:337)
at org.testng.SuiteRunner.run(SuiteRunner.java:286)
at org.testng.SuiteRunnerWorker.runSuite(SuiteRunnerWorker.java:53)
at org.testng.SuiteRunnerWorker.run(SuiteRunnerWorker.java:96)
at org.testng.TestNG.runSuitesSequentially(TestNG.java:1187)
at org.testng.TestNG.runSuitesLocally(TestNG.java:1109)
at org.testng.TestNG.runSuites(TestNG.java:1039)
at org.testng.TestNG.run(TestNG.java:1007)
at org.testng.remote.AbstractRemoteTestNG.run(AbstractRemoteTestNG.java:115)
at org.testng.remote.RemoteTestNG.initAndRun(RemoteTestNG.java:251)
at org.testng.remote.RemoteTestNG.main(RemoteTestNG.java:77)
]]>
            </full-stacktrace>
          </exception> <!-- java.lang.AssertionError -->
          <reporter-output>
          </reporter-output>
        </test-method> <!-- test_LogIn_Details -->
        <test-method is-config="true" signature="get_Test_Case_Result(org.testng.ITestResult)[pri:0, instance:TestCases.ValidTestCases@2489e84a]" started-at="2020-06-23T20:20:04 IST" name="get_Test_Case_Result" finished-at="2020-06-23T20:20:09 IST" duration-ms="5467" status="PASS">
          <params>
            <param index="0">
              <value>
                <![CDATA[[TestResult name=test_LogIn_Details status=FAILURE method=ValidTestCases.test_LogIn_Details()[pri:4, instance:TestCases.ValidTestCases@2489e84a] output={null}]]]>
              </value>
            </param>
          </params>
          <reporter-output>
          </reporter-output>
        </test-method> <!-- get_Test_Case_Result -->
        <test-method signature="test_Flight_Icon()[pri:5, instance:TestCases.ValidTestCases@2489e84a]" started-at="2020-06-23T20:20:09 IST" name="test_Flight_Icon" finished-at="2020-06-23T20:20:09 IST" duration-ms="181" status="PASS">
          <reporter-output>
          </reporter-output>
        </test-method> <!-- test_Flight_Icon -->
        <test-method is-config="true" signature="get_Test_Case_Result(org.testng.ITestResult)[pri:0, instance:TestCases.ValidTestCases@2489e84a]" started-at="2020-06-23T20:20:09 IST" name="get_Test_Case_Result" finished-at="2020-06-23T20:20:10 IST" duration-ms="441" status="PASS">
          <params>
            <param index="0">
              <value>
                <![CDATA[[TestResult name=test_Flight_Icon status=SUCCESS method=ValidTestCases.test_Flight_Icon()[pri:5, instance:TestCases.ValidTestCases@2489e84a] output={null}]]]>
              </value>
            </param>
          </params>
          <reporter-output>
          </reporter-output>
        </test-method> <!-- get_Test_Case_Result -->
        <test-method signature="test_Cab_Icon()[pri:6, instance:TestCases.ValidTestCases@2489e84a]" started-at="2020-06-23T20:20:10 IST" name="test_Cab_Icon" finished-at="2020-06-23T20:20:10 IST" duration-ms="690" status="PASS">
          <reporter-output>
          </reporter-output>
        </test-method> <!-- test_Cab_Icon -->
        <test-method is-config="true" signature="get_Test_Case_Result(org.testng.ITestResult)[pri:0, instance:TestCases.ValidTestCases@2489e84a]" started-at="2020-06-23T20:20:10 IST" name="get_Test_Case_Result" finished-at="2020-06-23T20:20:11 IST" duration-ms="459" status="PASS">
          <params>
            <param index="0">
              <value>
                <![CDATA[[TestResult name=test_Cab_Icon status=SUCCESS method=ValidTestCases.test_Cab_Icon()[pri:6, instance:TestCases.ValidTestCases@2489e84a] output={null}]]]>
              </value>
            </param>
          </params>
          <reporter-output>
          </reporter-output>
        </test-method> <!-- get_Test_Case_Result -->
        <test-method signature="test_Cab_Page_Title()[pri:7, instance:TestCases.ValidTestCases@2489e84a]" started-at="2020-06-23T20:20:11 IST" name="test_Cab_Page_Title" finished-at="2020-06-23T20:20:13 IST" duration-ms="1781" status="PASS">
          <reporter-output>
          </reporter-output>
        </test-method> <!-- test_Cab_Page_Title -->
        <test-method is-config="true" signature="get_Test_Case_Result(org.testng.ITestResult)[pri:0, instance:TestCases.ValidTestCases@2489e84a]" started-at="2020-06-23T20:20:13 IST" name="get_Test_Case_Result" finished-at="2020-06-23T20:20:13 IST" duration-ms="396" status="PASS">
          <params>
            <param index="0">
              <value>
                <![CDATA[[TestResult name=test_Cab_Page_Title status=SUCCESS method=ValidTestCases.test_Cab_Page_Title()[pri:7, instance:TestCases.ValidTestCases@2489e84a] output={null}]]]>
              </value>
            </param>
          </params>
          <reporter-output>
          </reporter-output>
        </test-method> <!-- get_Test_Case_Result -->
        <test-method signature="test_OutstationOneWay_TripType()[pri:8, instance:TestCases.ValidTestCases@2489e84a]" started-at="2020-06-23T20:20:13 IST" name="test_OutstationOneWay_TripType" finished-at="2020-06-23T20:20:13 IST" duration-ms="188" status="PASS">
          <reporter-output>
          </reporter-output>
        </test-method> <!-- test_OutstationOneWay_TripType -->
        <test-method is-config="true" signature="get_Test_Case_Result(org.testng.ITestResult)[pri:0, instance:TestCases.ValidTestCases@2489e84a]" started-at="2020-06-23T20:20:13 IST" name="get_Test_Case_Result" finished-at="2020-06-23T20:20:14 IST" duration-ms="256" status="PASS">
          <params>
            <param index="0">
              <value>
                <![CDATA[[TestResult name=test_OutstationOneWay_TripType status=SUCCESS method=ValidTestCases.test_OutstationOneWay_TripType()[pri:8, instance:TestCases.ValidTestCases@2489e84a] output={null}]]]>
              </value>
            </param>
          </params>
          <reporter-output>
          </reporter-output>
        </test-method> <!-- get_Test_Case_Result -->
        <test-method signature="test_Set_Cab_Details()[pri:9, instance:TestCases.ValidTestCases@2489e84a]" started-at="2020-06-23T20:20:14 IST" name="test_Set_Cab_Details" finished-at="2020-06-23T20:20:23 IST" duration-ms="9857" status="PASS">
          <reporter-output>
          </reporter-output>
        </test-method> <!-- test_Set_Cab_Details -->
        <test-method is-config="true" signature="get_Test_Case_Result(org.testng.ITestResult)[pri:0, instance:TestCases.ValidTestCases@2489e84a]" started-at="2020-06-23T20:20:23 IST" name="get_Test_Case_Result" finished-at="2020-06-23T20:20:24 IST" duration-ms="521" status="PASS">
          <params>
            <param index="0">
              <value>
                <![CDATA[[TestResult name=test_Set_Cab_Details status=SUCCESS method=ValidTestCases.test_Set_Cab_Details()[pri:9, instance:TestCases.ValidTestCases@2489e84a] output={null}]]]>
              </value>
            </param>
          </params>
          <reporter-output>
          </reporter-output>
        </test-method> <!-- get_Test_Case_Result -->
        <test-method signature="test_To_Check_Cab_Details()[pri:10, instance:TestCases.ValidTestCases@2489e84a]" started-at="2020-06-23T20:20:24 IST" name="test_To_Check_Cab_Details" finished-at="2020-06-23T20:20:28 IST" duration-ms="4092" status="PASS">
          <reporter-output>
          </reporter-output>
        </test-method> <!-- test_To_Check_Cab_Details -->
        <test-method is-config="true" signature="get_Test_Case_Result(org.testng.ITestResult)[pri:0, instance:TestCases.ValidTestCases@2489e84a]" started-at="2020-06-23T20:20:28 IST" name="get_Test_Case_Result" finished-at="2020-06-23T20:20:28 IST" duration-ms="309" status="PASS">
          <params>
            <param index="0">
              <value>
                <![CDATA[[TestResult name=test_To_Check_Cab_Details status=SUCCESS method=ValidTestCases.test_To_Check_Cab_Details()[pri:10, instance:TestCases.ValidTestCases@2489e84a] output={null}]]]>
              </value>
            </param>
          </params>
          <reporter-output>
          </reporter-output>
        </test-method> <!-- get_Test_Case_Result -->
        <test-method signature="test_Flight_Button()[pri:11, instance:TestCases.ValidTestCases@2489e84a]" started-at="2020-06-23T20:20:28 IST" name="test_Flight_Button" finished-at="2020-06-23T20:20:29 IST" duration-ms="299" status="PASS">
          <reporter-output>
          </reporter-output>
        </test-method> <!-- test_Flight_Button -->
        <test-method is-config="true" signature="get_Test_Case_Result(org.testng.ITestResult)[pri:0, instance:TestCases.ValidTestCases@2489e84a]" started-at="2020-06-23T20:20:29 IST" name="get_Test_Case_Result" finished-at="2020-06-23T20:20:29 IST" duration-ms="508" status="PASS">
          <params>
            <param index="0">
              <value>
                <![CDATA[[TestResult name=test_Flight_Button status=SUCCESS method=ValidTestCases.test_Flight_Button()[pri:11, instance:TestCases.ValidTestCases@2489e84a] output={null}]]]>
              </value>
            </param>
          </params>
          <reporter-output>
          </reporter-output>
        </test-method> <!-- get_Test_Case_Result -->
        <test-method signature="test_Flight_Page_Title()[pri:12, instance:TestCases.ValidTestCases@2489e84a]" started-at="2020-06-23T20:20:29 IST" name="test_Flight_Page_Title" finished-at="2020-06-23T20:20:30 IST" duration-ms="603" status="PASS">
          <reporter-output>
          </reporter-output>
        </test-method> <!-- test_Flight_Page_Title -->
        <test-method is-config="true" signature="get_Test_Case_Result(org.testng.ITestResult)[pri:0, instance:TestCases.ValidTestCases@2489e84a]" started-at="2020-06-23T20:20:30 IST" name="get_Test_Case_Result" finished-at="2020-06-23T20:20:30 IST" duration-ms="263" status="PASS">
          <params>
            <param index="0">
              <value>
                <![CDATA[[TestResult name=test_Flight_Page_Title status=SUCCESS method=ValidTestCases.test_Flight_Page_Title()[pri:12, instance:TestCases.ValidTestCases@2489e84a] output={null}]]]>
              </value>
            </param>
          </params>
          <reporter-output>
          </reporter-output>
        </test-method> <!-- get_Test_Case_Result -->
        <test-method signature="test_Set_Flight_Details()[pri:13, instance:TestCases.ValidTestCases@2489e84a]" started-at="2020-06-23T20:20:30 IST" name="test_Set_Flight_Details" finished-at="2020-06-23T20:20:39 IST" duration-ms="8845" status="PASS">
          <reporter-output>
          </reporter-output>
        </test-method> <!-- test_Set_Flight_Details -->
        <test-method is-config="true" signature="get_Test_Case_Result(org.testng.ITestResult)[pri:0, instance:TestCases.ValidTestCases@2489e84a]" started-at="2020-06-23T20:20:39 IST" name="get_Test_Case_Result" finished-at="2020-06-23T20:20:39 IST" duration-ms="365" status="PASS">
          <params>
            <param index="0">
              <value>
                <![CDATA[[TestResult name=test_Set_Flight_Details status=SUCCESS method=ValidTestCases.test_Set_Flight_Details()[pri:13, instance:TestCases.ValidTestCases@2489e84a] output={null}]]]>
              </value>
            </param>
          </params>
          <reporter-output>
          </reporter-output>
        </test-method> <!-- get_Test_Case_Result -->
        <test-method signature="test_Hotel_Booking_Icon()[pri:14, instance:TestCases.ValidTestCases@2489e84a]" started-at="2020-06-23T20:20:39 IST" name="test_Hotel_Booking_Icon" finished-at="2020-06-23T20:20:43 IST" duration-ms="3274" status="PASS">
          <reporter-output>
          </reporter-output>
        </test-method> <!-- test_Hotel_Booking_Icon -->
        <test-method is-config="true" signature="get_Test_Case_Result(org.testng.ITestResult)[pri:0, instance:TestCases.ValidTestCases@2489e84a]" started-at="2020-06-23T20:20:43 IST" name="get_Test_Case_Result" finished-at="2020-06-23T20:20:43 IST" duration-ms="653" status="PASS">
          <params>
            <param index="0">
              <value>
                <![CDATA[[TestResult name=test_Hotel_Booking_Icon status=SUCCESS method=ValidTestCases.test_Hotel_Booking_Icon()[pri:14, instance:TestCases.ValidTestCases@2489e84a] output={null}]]]>
              </value>
            </param>
          </params>
          <reporter-output>
          </reporter-output>
        </test-method> <!-- get_Test_Case_Result -->
        <test-method signature="test_Hotel_Booking_Page_Title()[pri:15, instance:TestCases.ValidTestCases@2489e84a]" started-at="2020-06-23T20:20:43 IST" name="test_Hotel_Booking_Page_Title" finished-at="2020-06-23T20:20:43 IST" duration-ms="152" status="PASS">
          <reporter-output>
          </reporter-output>
        </test-method> <!-- test_Hotel_Booking_Page_Title -->
        <test-method is-config="true" signature="get_Test_Case_Result(org.testng.ITestResult)[pri:0, instance:TestCases.ValidTestCases@2489e84a]" started-at="2020-06-23T20:20:43 IST" name="get_Test_Case_Result" finished-at="2020-06-23T20:20:44 IST" duration-ms="483" status="PASS">
          <params>
            <param index="0">
              <value>
                <![CDATA[[TestResult name=test_Hotel_Booking_Page_Title status=SUCCESS method=ValidTestCases.test_Hotel_Booking_Page_Title()[pri:15, instance:TestCases.ValidTestCases@2489e84a] output={null}]]]>
              </value>
            </param>
          </params>
          <reporter-output>
          </reporter-output>
        </test-method> <!-- get_Test_Case_Result -->
        <test-method signature="test_Hotel_Booking()[pri:16, instance:TestCases.ValidTestCases@2489e84a]" started-at="2020-06-23T20:20:44 IST" name="test_Hotel_Booking" finished-at="2020-06-23T20:20:46 IST" duration-ms="2659" status="PASS">
          <reporter-output>
          </reporter-output>
        </test-method> <!-- test_Hotel_Booking -->
        <test-method is-config="true" signature="get_Test_Case_Result(org.testng.ITestResult)[pri:0, instance:TestCases.ValidTestCases@2489e84a]" started-at="2020-06-23T20:20:46 IST" name="get_Test_Case_Result" finished-at="2020-06-23T20:20:47 IST" duration-ms="1004" status="PASS">
          <params>
            <param index="0">
              <value>
                <![CDATA[[TestResult name=test_Hotel_Booking status=SUCCESS method=ValidTestCases.test_Hotel_Booking()[pri:16, instance:TestCases.ValidTestCases@2489e84a] output={null}]]]>
              </value>
            </param>
          </params>
          <reporter-output>
          </reporter-output>
        </test-method> <!-- get_Test_Case_Result -->
        <test-method is-config="true" signature="terminate_Browser()[pri:0, instance:TestCases.ValidTestCases@2489e84a]" started-at="2020-06-23T20:20:47 IST" name="terminate_Browser" finished-at="2020-06-23T20:20:59 IST" duration-ms="11196" status="PASS">
          <reporter-output>
          </reporter-output>
        </test-method> <!-- terminate_Browser -->
      </class> <!-- TestCases.ValidTestCases -->
    </test> <!-- Regression Test 1 -->
    <test started-at="2020-06-23T20:20:59 IST" name="Regression Test 2" finished-at="2020-06-23T20:22:40 IST" duration-ms="100368">
      <class name="TestCases.InvalidTestCases">
        <test-method is-config="true" signature="generate_ExtentReport()[pri:0, instance:TestCases.InvalidTestCases@14924f41]" started-at="2020-06-23T20:19:00 IST" name="generate_ExtentReport" finished-at="2020-06-23T20:19:01 IST" duration-ms="449" status="PASS">
          <reporter-output>
          </reporter-output>
        </test-method> <!-- generate_ExtentReport -->
        <test-method is-config="true" signature="get_Driver_Instance()[pri:0, instance:TestCases.InvalidTestCases@14924f41]" started-at="2020-06-23T20:20:59 IST" name="get_Driver_Instance" finished-at="2020-06-23T20:21:34 IST" duration-ms="35115" status="PASS">
          <reporter-output>
          </reporter-output>
        </test-method> <!-- get_Driver_Instance -->
        <test-method signature="test_Invalid_Username_Details()[pri:0, instance:TestCases.InvalidTestCases@14924f41]" started-at="2020-06-23T20:21:34 IST" name="test_Invalid_Username_Details" finished-at="2020-06-23T20:21:38 IST" duration-ms="4091" status="PASS">
          <reporter-output>
          </reporter-output>
        </test-method> <!-- test_Invalid_Username_Details -->
        <test-method is-config="true" signature="get_Test_Case_Result(org.testng.ITestResult)[pri:0, instance:TestCases.InvalidTestCases@14924f41]" started-at="2020-06-23T20:21:38 IST" name="get_Test_Case_Result" finished-at="2020-06-23T20:21:39 IST" duration-ms="457" status="PASS">
          <params>
            <param index="0">
              <value>
                <![CDATA[[TestResult name=test_Invalid_Username_Details status=SUCCESS method=InvalidTestCases.test_Invalid_Username_Details()[pri:0, instance:TestCases.InvalidTestCases@14924f41] output={null}]]]>
              </value>
            </param>
          </params>
          <reporter-output>
          </reporter-output>
        </test-method> <!-- get_Test_Case_Result -->
        <test-method signature="test_Invalid_Password_Details()[pri:1, instance:TestCases.InvalidTestCases@14924f41]" started-at="2020-06-23T20:21:39 IST" name="test_Invalid_Password_Details" finished-at="2020-06-23T20:22:14 IST" duration-ms="35500" status="FAIL">
          <exception class="org.openqa.selenium.TimeoutException">
            <message>
              <![CDATA[Expected condition failed: waiting for text ('yuvan') to be present in element [[RemoteWebDriver: chrome on WINDOWS (17980f7348df41817ebca3968d879b51)] -> xpath: /html[1]/body[1]/div[1]/div[1]/div[1]/div[1]/div[1]/ul[1]/li[6]/div[1]/p[1]] (tried for 30 second(s) with 500 milliseconds interval)
Build info: version: '3.141.59', revision: 'e82be7d358', time: '2018-11-14T08:17:03'
System info: host: 'DESKTOP-D5BDHV5', ip: '192.168.43.207', os.name: 'Windows 10', os.arch: 'amd64', os.version: '10.0', java.version: '14.0.1'
Driver info: org.openqa.selenium.remote.RemoteWebDriver
Capabilities {acceptInsecureCerts: false, browserName: chrome, browserVersion: 83.0.4103.106, chrome: {chromedriverVersion: 83.0.4103.39 (ccbf011cb2d2b..., userDataDir: C:\Users\yuvan\AppData\Loca...}, goog:chromeOptions: {debuggerAddress: localhost:61349}, javascriptEnabled: true, networkConnectionEnabled: false, pageLoadStrategy: normal, platform: WINDOWS, platformName: WINDOWS, proxy: Proxy(), setWindowRect: true, strictFileInteractability: false, timeouts: {implicit: 0, pageLoad: 300000, script: 30000}, unhandledPromptBehavior: dismiss and notify, webauthn:virtualAuthenticators: true, webdriver.remote.sessionid: 17980f7348df41817ebca3968d8...}
Session ID: 17980f7348df41817ebca3968d879b51]]>
            </message>
            <full-stacktrace>
              <![CDATA[org.openqa.selenium.TimeoutException: Expected condition failed: waiting for text ('yuvan') to be present in element [[RemoteWebDriver: chrome on WINDOWS (17980f7348df41817ebca3968d879b51)] -> xpath: /html[1]/body[1]/div[1]/div[1]/div[1]/div[1]/div[1]/ul[1]/li[6]/div[1]/p[1]] (tried for 30 second(s) with 500 milliseconds interval)
Build info: version: '3.141.59', revision: 'e82be7d358', time: '2018-11-14T08:17:03'
System info: host: 'DESKTOP-D5BDHV5', ip: '192.168.43.207', os.name: 'Windows 10', os.arch: 'amd64', os.version: '10.0', java.version: '14.0.1'
Driver info: org.openqa.selenium.remote.RemoteWebDriver
Capabilities {acceptInsecureCerts: false, browserName: chrome, browserVersion: 83.0.4103.106, chrome: {chromedriverVersion: 83.0.4103.39 (ccbf011cb2d2b..., userDataDir: C:\Users\yuvan\AppData\Loca...}, goog:chromeOptions: {debuggerAddress: localhost:61349}, javascriptEnabled: true, networkConnectionEnabled: false, pageLoadStrategy: normal, platform: WINDOWS, platformName: WINDOWS, proxy: Proxy(), setWindowRect: true, strictFileInteractability: false, timeouts: {implicit: 0, pageLoad: 300000, script: 30000}, unhandledPromptBehavior: dismiss and notify, webauthn:virtualAuthenticators: true, webdriver.remote.sessionid: 17980f7348df41817ebca3968d8...}
Session ID: 17980f7348df41817ebca3968d879b51
at org.openqa.selenium.support.ui.WebDriverWait.timeoutException(WebDriverWait.java:95)
at org.openqa.selenium.support.ui.FluentWait.until(FluentWait.java:272)
at Pages.HomePage.wait_For_Login(HomePage.java:102)
at TestCases.InvalidTestCases.test_Invalid_Password_Details(InvalidTestCases.java:123)
at java.base/jdk.internal.reflect.NativeMethodAccessorImpl.invoke0(Native Method)
at java.base/jdk.internal.reflect.NativeMethodAccessorImpl.invoke(NativeMethodAccessorImpl.java:62)
at java.base/jdk.internal.reflect.DelegatingMethodAccessorImpl.invoke(DelegatingMethodAccessorImpl.java:43)
at java.base/java.lang.reflect.Method.invoke(Method.java:564)
at org.testng.internal.MethodInvocationHelper.invokeMethod(MethodInvocationHelper.java:134)
at org.testng.internal.TestInvoker.invokeMethod(TestInvoker.java:597)
at org.testng.internal.TestInvoker.invokeTestMethod(TestInvoker.java:173)
at org.testng.internal.MethodRunner.runInSequence(MethodRunner.java:46)
at org.testng.internal.TestInvoker$MethodInvocationAgent.invoke(TestInvoker.java:816)
at org.testng.internal.TestInvoker.invokeTestMethods(TestInvoker.java:146)
at org.testng.internal.TestMethodWorker.invokeTestMethods(TestMethodWorker.java:146)
at org.testng.internal.TestMethodWorker.run(TestMethodWorker.java:128)
at java.base/java.util.ArrayList.forEach(ArrayList.java:1510)
at org.testng.TestRunner.privateRun(TestRunner.java:766)
at org.testng.TestRunner.run(TestRunner.java:587)
at org.testng.SuiteRunner.runTest(SuiteRunner.java:384)
at org.testng.SuiteRunner.runSequentially(SuiteRunner.java:378)
at org.testng.SuiteRunner.privateRun(SuiteRunner.java:337)
at org.testng.SuiteRunner.run(SuiteRunner.java:286)
at org.testng.SuiteRunnerWorker.runSuite(SuiteRunnerWorker.java:53)
at org.testng.SuiteRunnerWorker.run(SuiteRunnerWorker.java:96)
at org.testng.TestNG.runSuitesSequentially(TestNG.java:1187)
at org.testng.TestNG.runSuitesLocally(TestNG.java:1109)
at org.testng.TestNG.runSuites(TestNG.java:1039)
at org.testng.TestNG.run(TestNG.java:1007)
at org.testng.remote.AbstractRemoteTestNG.run(AbstractRemoteTestNG.java:115)
at org.testng.remote.RemoteTestNG.initAndRun(RemoteTestNG.java:251)
at org.testng.remote.RemoteTestNG.main(RemoteTestNG.java:77)
]]>
            </full-stacktrace>
          </exception> <!-- org.openqa.selenium.TimeoutException -->
          <reporter-output>
          </reporter-output>
        </test-method> <!-- test_Invalid_Password_Details -->
        <test-method is-config="true" signature="get_Test_Case_Result(org.testng.ITestResult)[pri:0, instance:TestCases.InvalidTestCases@14924f41]" started-at="2020-06-23T20:22:14 IST" name="get_Test_Case_Result" finished-at="2020-06-23T20:22:16 IST" duration-ms="1510" status="PASS">
          <params>
            <param index="0">
              <value>
                <![CDATA[[TestResult name=test_Invalid_Password_Details status=FAILURE method=InvalidTestCases.test_Invalid_Password_Details()[pri:1, instance:TestCases.InvalidTestCases@14924f41] output={null}]]]>
              </value>
            </param>
          </params>
          <reporter-output>
          </reporter-output>
        </test-method> <!-- get_Test_Case_Result -->
        <test-method signature="test_Same_Location_Of_Journey()[pri:2, instance:TestCases.InvalidTestCases@14924f41]" started-at="2020-06-23T20:22:16 IST" name="test_Same_Location_Of_Journey" finished-at="2020-06-23T20:22:20 IST" duration-ms="3917" status="PASS">
          <reporter-output>
          </reporter-output>
        </test-method> <!-- test_Same_Location_Of_Journey -->
        <test-method is-config="true" signature="get_Test_Case_Result(org.testng.ITestResult)[pri:0, instance:TestCases.InvalidTestCases@14924f41]" started-at="2020-06-23T20:22:20 IST" name="get_Test_Case_Result" finished-at="2020-06-23T20:22:20 IST" duration-ms="388" status="PASS">
          <params>
            <param index="0">
              <value>
                <![CDATA[[TestResult name=test_Same_Location_Of_Journey status=SUCCESS method=InvalidTestCases.test_Same_Location_Of_Journey()[pri:2, instance:TestCases.InvalidTestCases@14924f41] output={null}]]]>
              </value>
            </param>
          </params>
          <reporter-output>
          </reporter-output>
        </test-method> <!-- get_Test_Case_Result -->
        <test-method signature="test_Invalid_Date_Of_Journey()[pri:3, instance:TestCases.InvalidTestCases@14924f41]" started-at="2020-06-23T20:22:20 IST" name="test_Invalid_Date_Of_Journey" finished-at="2020-06-23T20:22:21 IST" duration-ms="1157" status="PASS">
          <reporter-output>
          </reporter-output>
        </test-method> <!-- test_Invalid_Date_Of_Journey -->
        <test-method is-config="true" signature="get_Test_Case_Result(org.testng.ITestResult)[pri:0, instance:TestCases.InvalidTestCases@14924f41]" started-at="2020-06-23T20:22:21 IST" name="get_Test_Case_Result" finished-at="2020-06-23T20:22:22 IST" duration-ms="274" status="PASS">
          <params>
            <param index="0">
              <value>
                <![CDATA[[TestResult name=test_Invalid_Date_Of_Journey status=SUCCESS method=InvalidTestCases.test_Invalid_Date_Of_Journey()[pri:3, instance:TestCases.InvalidTestCases@14924f41] output={null}]]]>
              </value>
            </param>
          </params>
          <reporter-output>
          </reporter-output>
        </test-method> <!-- get_Test_Case_Result -->
        <test-method signature="test_ReturnDate_Disabled()[pri:4, instance:TestCases.InvalidTestCases@14924f41]" started-at="2020-06-23T20:22:22 IST" name="test_ReturnDate_Disabled" finished-at="2020-06-23T20:22:22 IST" duration-ms="53" status="PASS">
          <reporter-output>
          </reporter-output>
        </test-method> <!-- test_ReturnDate_Disabled -->
        <test-method is-config="true" signature="get_Test_Case_Result(org.testng.ITestResult)[pri:0, instance:TestCases.InvalidTestCases@14924f41]" started-at="2020-06-23T20:22:22 IST" name="get_Test_Case_Result" finished-at="2020-06-23T20:22:22 IST" duration-ms="193" status="PASS">
          <params>
            <param index="0">
              <value>
                <![CDATA[[TestResult name=test_ReturnDate_Disabled status=SUCCESS method=InvalidTestCases.test_ReturnDate_Disabled()[pri:4, instance:TestCases.InvalidTestCases@14924f41] output={null}]]]>
              </value>
            </param>
          </params>
          <reporter-output>
          </reporter-output>
        </test-method> <!-- get_Test_Case_Result -->
        <test-method signature="test_OutstationTrip_Selected()[pri:5, instance:TestCases.InvalidTestCases@14924f41]" started-at="2020-06-23T20:22:22 IST" name="test_OutstationTrip_Selected" finished-at="2020-06-23T20:22:23 IST" duration-ms="1317" status="PASS">
          <reporter-output>
          </reporter-output>
        </test-method> <!-- test_OutstationTrip_Selected -->
        <test-method is-config="true" signature="get_Test_Case_Result(org.testng.ITestResult)[pri:0, instance:TestCases.InvalidTestCases@14924f41]" started-at="2020-06-23T20:22:23 IST" name="get_Test_Case_Result" finished-at="2020-06-23T20:22:24 IST" duration-ms="291" status="PASS">
          <params>
            <param index="0">
              <value>
                <![CDATA[[TestResult name=test_OutstationTrip_Selected status=SUCCESS method=InvalidTestCases.test_OutstationTrip_Selected()[pri:5, instance:TestCases.InvalidTestCases@14924f41] output={null}]]]>
              </value>
            </param>
          </params>
          <reporter-output>
          </reporter-output>
        </test-method> <!-- get_Test_Case_Result -->
        <test-method signature="test_GiftCard()[pri:6, instance:TestCases.InvalidTestCases@14924f41]" started-at="2020-06-23T20:22:24 IST" name="test_GiftCard" finished-at="2020-06-23T20:22:39 IST" duration-ms="15504" status="PASS">
          <reporter-output>
          </reporter-output>
        </test-method> <!-- test_GiftCard -->
        <test-method is-config="true" signature="get_Test_Case_Result(org.testng.ITestResult)[pri:0, instance:TestCases.InvalidTestCases@14924f41]" started-at="2020-06-23T20:22:39 IST" name="get_Test_Case_Result" finished-at="2020-06-23T20:22:39 IST" duration-ms="202" status="PASS">
          <params>
            <param index="0">
              <value>
                <![CDATA[[TestResult name=test_GiftCard status=SUCCESS method=InvalidTestCases.test_GiftCard()[pri:6, instance:TestCases.InvalidTestCases@14924f41] output={null}]]]>
              </value>
            </param>
          </params>
          <reporter-output>
          </reporter-output>
        </test-method> <!-- get_Test_Case_Result -->
        <test-method is-config="true" signature="terminate_Browser()[pri:0, instance:TestCases.InvalidTestCases@14924f41]" started-at="2020-06-23T20:22:39 IST" name="terminate_Browser" finished-at="2020-06-23T20:22:40 IST" duration-ms="376" status="PASS">
          <reporter-output>
          </reporter-output>
        </test-method> <!-- terminate_Browser -->
        <test-method is-config="true" signature="terminate_Report()[pri:0, instance:TestCases.InvalidTestCases@14924f41]" started-at="2020-06-23T20:22:40 IST" name="terminate_Report" finished-at="2020-06-23T20:22:42 IST" duration-ms="1981" status="PASS">
          <reporter-output>
          </reporter-output>
        </test-method> <!-- terminate_Report -->
      </class> <!-- TestCases.InvalidTestCases -->
    </test> <!-- Regression Test 2 -->
  </suite> <!-- Regression Testing -->
</testng-results>
