<?xml version="1.0" encoding="UTF-8"?>
<testng-results ignored="1" total="20" passed="17" failed="2" skipped="0">
  <reporter-output>
  </reporter-output>
  <suite started-at="2020-06-15T19:03:58 IST" name="Regression Testing" finished-at="2020-06-15T19:07:28 IST" duration-ms="210058">
    <groups>
    </groups>
    <test started-at="2020-06-15T19:03:58 IST" name="Regression Test" finished-at="2020-06-15T19:07:28 IST" duration-ms="210058">
      <class name="TestCases.InvalidTestCases">
        <test-method is-config="true" signature="get_Driver_Instance()[pri:0, instance:TestCases.InvalidTestCases@2489e84a]" started-at="2020-06-15T19:06:39 IST" name="get_Driver_Instance" finished-at="2020-06-15T19:07:10 IST" duration-ms="30320" status="PASS">
          <reporter-output>
          </reporter-output>
        </test-method> <!-- get_Driver_Instance -->
        <test-method signature="test_Same_Location_Of_Journey()[pri:2, instance:TestCases.InvalidTestCases@2489e84a]" started-at="2020-06-15T19:07:10 IST" name="test_Same_Location_Of_Journey" finished-at="2020-06-15T19:07:15 IST" duration-ms="4897" status="PASS">
          <reporter-output>
          </reporter-output>
        </test-method> <!-- test_Same_Location_Of_Journey -->
        <test-method is-config="true" signature="get_Test_Case_Result(org.testng.ITestResult)[pri:0, instance:TestCases.InvalidTestCases@2489e84a]" started-at="2020-06-15T19:07:15 IST" name="get_Test_Case_Result" finished-at="2020-06-15T19:07:15 IST" duration-ms="316" status="PASS">
          <params>
            <param index="0">
              <value>
                <![CDATA[[TestResult name=test_Same_Location_Of_Journey status=SUCCESS method=InvalidTestCases.test_Same_Location_Of_Journey()[pri:2, instance:TestCases.InvalidTestCases@2489e84a] output={null}]]]>
              </value>
            </param>
          </params>
          <reporter-output>
          </reporter-output>
        </test-method> <!-- get_Test_Case_Result -->
        <test-method signature="test_Invalid_Date_Of_Journey()[pri:3, instance:TestCases.InvalidTestCases@2489e84a]" started-at="2020-06-15T19:07:15 IST" name="test_Invalid_Date_Of_Journey" finished-at="2020-06-15T19:07:16 IST" duration-ms="998" status="PASS">
          <reporter-output>
          </reporter-output>
        </test-method> <!-- test_Invalid_Date_Of_Journey -->
        <test-method is-config="true" signature="get_Test_Case_Result(org.testng.ITestResult)[pri:0, instance:TestCases.InvalidTestCases@2489e84a]" started-at="2020-06-15T19:07:16 IST" name="get_Test_Case_Result" finished-at="2020-06-15T19:07:16 IST" duration-ms="337" status="PASS">
          <params>
            <param index="0">
              <value>
                <![CDATA[[TestResult name=test_Invalid_Date_Of_Journey status=SUCCESS method=InvalidTestCases.test_Invalid_Date_Of_Journey()[pri:3, instance:TestCases.InvalidTestCases@2489e84a] output={null}]]]>
              </value>
            </param>
          </params>
          <reporter-output>
          </reporter-output>
        </test-method> <!-- get_Test_Case_Result -->
        <test-method signature="test_ReturnDate_Disabled()[pri:4, instance:TestCases.InvalidTestCases@2489e84a]" started-at="2020-06-15T19:07:16 IST" name="test_ReturnDate_Disabled" finished-at="2020-06-15T19:07:16 IST" duration-ms="58" status="PASS">
          <reporter-output>
          </reporter-output>
        </test-method> <!-- test_ReturnDate_Disabled -->
        <test-method is-config="true" signature="get_Test_Case_Result(org.testng.ITestResult)[pri:0, instance:TestCases.InvalidTestCases@2489e84a]" started-at="2020-06-15T19:07:16 IST" name="get_Test_Case_Result" finished-at="2020-06-15T19:07:17 IST" duration-ms="188" status="PASS">
          <params>
            <param index="0">
              <value>
                <![CDATA[[TestResult name=test_ReturnDate_Disabled status=SUCCESS method=InvalidTestCases.test_ReturnDate_Disabled()[pri:4, instance:TestCases.InvalidTestCases@2489e84a] output={null}]]]>
              </value>
            </param>
          </params>
          <reporter-output>
          </reporter-output>
        </test-method> <!-- get_Test_Case_Result -->
        <test-method signature="test_OutstationTrip_Selected()[pri:5, instance:TestCases.InvalidTestCases@2489e84a]" started-at="2020-06-15T19:07:17 IST" name="test_OutstationTrip_Selected" finished-at="2020-06-15T19:07:17 IST" duration-ms="810" status="PASS">
          <reporter-output>
          </reporter-output>
        </test-method> <!-- test_OutstationTrip_Selected -->
        <test-method is-config="true" signature="get_Test_Case_Result(org.testng.ITestResult)[pri:0, instance:TestCases.InvalidTestCases@2489e84a]" started-at="2020-06-15T19:07:17 IST" name="get_Test_Case_Result" finished-at="2020-06-15T19:07:18 IST" duration-ms="203" status="PASS">
          <params>
            <param index="0">
              <value>
                <![CDATA[[TestResult name=test_OutstationTrip_Selected status=SUCCESS method=InvalidTestCases.test_OutstationTrip_Selected()[pri:5, instance:TestCases.InvalidTestCases@2489e84a] output={null}]]]>
              </value>
            </param>
          </params>
          <reporter-output>
          </reporter-output>
        </test-method> <!-- get_Test_Case_Result -->
        <test-method signature="test_GiftCard()[pri:6, instance:TestCases.InvalidTestCases@2489e84a]" started-at="2020-06-15T19:07:18 IST" name="test_GiftCard" finished-at="2020-06-15T19:07:27 IST" duration-ms="9239" status="PASS">
          <reporter-output>
          </reporter-output>
        </test-method> <!-- test_GiftCard -->
        <test-method is-config="true" signature="get_Test_Case_Result(org.testng.ITestResult)[pri:0, instance:TestCases.InvalidTestCases@2489e84a]" started-at="2020-06-15T19:07:27 IST" name="get_Test_Case_Result" finished-at="2020-06-15T19:07:27 IST" duration-ms="570" status="PASS">
          <params>
            <param index="0">
              <value>
                <![CDATA[[TestResult name=test_GiftCard status=SUCCESS method=InvalidTestCases.test_GiftCard()[pri:6, instance:TestCases.InvalidTestCases@2489e84a] output={null}]]]>
              </value>
            </param>
          </params>
          <reporter-output>
          </reporter-output>
        </test-method> <!-- get_Test_Case_Result -->
        <test-method is-config="true" signature="terminate_Browser()[pri:0, instance:TestCases.InvalidTestCases@2489e84a]" started-at="2020-06-15T19:07:27 IST" name="terminate_Browser" finished-at="2020-06-15T19:07:28 IST" duration-ms="161" status="PASS">
          <reporter-output>
          </reporter-output>
        </test-method> <!-- terminate_Browser -->
        <test-method is-config="true" signature="terminate_Report()[pri:0, instance:TestCases.InvalidTestCases@2489e84a]" started-at="2020-06-15T19:07:29 IST" name="terminate_Report" finished-at="2020-06-15T19:07:31 IST" duration-ms="2078" status="PASS">
          <reporter-output>
          </reporter-output>
        </test-method> <!-- terminate_Report -->
      </class> <!-- TestCases.InvalidTestCases -->
      <class name="TestCases.ValidTestCases">
        <test-method is-config="true" signature="generate_ExtentReport()[pri:0, instance:TestCases.ValidTestCases@7c0777b5]" started-at="2020-06-15T19:03:56 IST" name="generate_ExtentReport" finished-at="2020-06-15T19:03:58 IST" duration-ms="1657" status="PASS">
          <reporter-output>
          </reporter-output>
        </test-method> <!-- generate_ExtentReport -->
        <test-method is-config="true" signature="get_Driver_Instance()[pri:0, instance:TestCases.ValidTestCases@7c0777b5]" started-at="2020-06-15T19:03:58 IST" name="get_Driver_Instance" finished-at="2020-06-15T19:04:40 IST" duration-ms="42455" status="PASS">
          <reporter-output>
          </reporter-output>
        </test-method> <!-- get_Driver_Instance -->
        <test-method signature="test_URL_Appear_Correct()[pri:1, instance:TestCases.ValidTestCases@7c0777b5]" started-at="2020-06-15T19:04:40 IST" name="test_URL_Appear_Correct" finished-at="2020-06-15T19:05:00 IST" duration-ms="20097" status="PASS">
          <reporter-output>
          </reporter-output>
        </test-method> <!-- test_URL_Appear_Correct -->
        <test-method is-config="true" signature="get_Test_Case_Result(org.testng.ITestResult)[pri:0, instance:TestCases.ValidTestCases@7c0777b5]" started-at="2020-06-15T19:05:00 IST" name="get_Test_Case_Result" finished-at="2020-06-15T19:05:13 IST" duration-ms="12656" status="PASS">
          <params>
            <param index="0">
              <value>
                <![CDATA[[TestResult name=test_URL_Appear_Correct status=SUCCESS method=ValidTestCases.test_URL_Appear_Correct()[pri:1, instance:TestCases.ValidTestCases@7c0777b5] output={null}]]]>
              </value>
            </param>
          </params>
          <reporter-output>
          </reporter-output>
        </test-method> <!-- get_Test_Case_Result -->
        <test-method signature="test_Home_Page_Title()[pri:2, instance:TestCases.ValidTestCases@7c0777b5]" started-at="2020-06-15T19:05:13 IST" name="test_Home_Page_Title" finished-at="2020-06-15T19:05:14 IST" duration-ms="949" status="PASS">
          <reporter-output>
          </reporter-output>
        </test-method> <!-- test_Home_Page_Title -->
        <test-method is-config="true" signature="get_Test_Case_Result(org.testng.ITestResult)[pri:0, instance:TestCases.ValidTestCases@7c0777b5]" started-at="2020-06-15T19:05:14 IST" name="get_Test_Case_Result" finished-at="2020-06-15T19:05:14 IST" duration-ms="633" status="PASS">
          <params>
            <param index="0">
              <value>
                <![CDATA[[TestResult name=test_Home_Page_Title status=SUCCESS method=ValidTestCases.test_Home_Page_Title()[pri:2, instance:TestCases.ValidTestCases@7c0777b5] output={null}]]]>
              </value>
            </param>
          </params>
          <reporter-output>
          </reporter-output>
        </test-method> <!-- get_Test_Case_Result -->
        <test-method signature="test_Flight_Icon()[pri:5, instance:TestCases.ValidTestCases@7c0777b5]" started-at="2020-06-15T19:05:14 IST" name="test_Flight_Icon" finished-at="2020-06-15T19:05:15 IST" duration-ms="565" status="PASS">
          <reporter-output>
          </reporter-output>
        </test-method> <!-- test_Flight_Icon -->
        <test-method is-config="true" signature="get_Test_Case_Result(org.testng.ITestResult)[pri:0, instance:TestCases.ValidTestCases@7c0777b5]" started-at="2020-06-15T19:05:15 IST" name="get_Test_Case_Result" finished-at="2020-06-15T19:05:16 IST" duration-ms="622" status="PASS">
          <params>
            <param index="0">
              <value>
                <![CDATA[[TestResult name=test_Flight_Icon status=SUCCESS method=ValidTestCases.test_Flight_Icon()[pri:5, instance:TestCases.ValidTestCases@7c0777b5] output={null}]]]>
              </value>
            </param>
          </params>
          <reporter-output>
          </reporter-output>
        </test-method> <!-- get_Test_Case_Result -->
        <test-method signature="test_Cab_Icon()[pri:6, instance:TestCases.ValidTestCases@7c0777b5]" started-at="2020-06-15T19:05:16 IST" name="test_Cab_Icon" finished-at="2020-06-15T19:05:18 IST" duration-ms="2073" status="PASS">
          <reporter-output>
          </reporter-output>
        </test-method> <!-- test_Cab_Icon -->
        <test-method is-config="true" signature="get_Test_Case_Result(org.testng.ITestResult)[pri:0, instance:TestCases.ValidTestCases@7c0777b5]" started-at="2020-06-15T19:05:18 IST" name="get_Test_Case_Result" finished-at="2020-06-15T19:05:18 IST" duration-ms="723" status="PASS">
          <params>
            <param index="0">
              <value>
                <![CDATA[[TestResult name=test_Cab_Icon status=SUCCESS method=ValidTestCases.test_Cab_Icon()[pri:6, instance:TestCases.ValidTestCases@7c0777b5] output={null}]]]>
              </value>
            </param>
          </params>
          <reporter-output>
          </reporter-output>
        </test-method> <!-- get_Test_Case_Result -->
        <test-method signature="test_Cab_Page_Title()[pri:7, instance:TestCases.ValidTestCases@7c0777b5]" started-at="2020-06-15T19:05:18 IST" name="test_Cab_Page_Title" finished-at="2020-06-15T19:05:19 IST" duration-ms="549" status="FAIL">
          <exception class="java.lang.AssertionError">
            <message>
              <![CDATA[expected [true] but found [false]]]>
            </message>
            <full-stacktrace>
              <![CDATA[java.lang.AssertionError: expected [true] but found [false]
at org.testng.Assert.fail(Assert.java:97)
at org.testng.Assert.failNotEquals(Assert.java:969)
at org.testng.Assert.assertTrue(Assert.java:43)
at org.testng.Assert.assertTrue(Assert.java:53)
at TestCases.ValidTestCases.test_Cab_Page_Title(ValidTestCases.java:157)
at java.base/jdk.internal.reflect.NativeMethodAccessorImpl.invoke0(Native Method)
at java.base/jdk.internal.reflect.NativeMethodAccessorImpl.invoke(NativeMethodAccessorImpl.java:62)
at java.base/jdk.internal.reflect.DelegatingMethodAccessorImpl.invoke(DelegatingMethodAccessorImpl.java:43)
at java.base/java.lang.reflect.Method.invoke(Method.java:564)
at org.testng.internal.MethodInvocationHelper.invokeMethod(MethodInvocationHelper.java:134)
at org.testng.internal.TestInvoker.invokeMethod(TestInvoker.java:597)
at org.testng.internal.TestInvoker.invokeTestMethod(TestInvoker.java:173)
at org.testng.internal.MethodRunner.runInSequence(MethodRunner.java:46)
at org.testng.internal.TestInvoker$MethodInvocationAgent.invoke(TestInvoker.java:816)
at org.testng.internal.TestInvoker.invokeTestMethods(TestInvoker.java:146)
at org.testng.internal.TestMethodWorker.invokeTestMethods(TestMethodWorker.java:146)
at org.testng.internal.TestMethodWorker.run(TestMethodWorker.java:128)
at java.base/java.util.ArrayList.forEach(ArrayList.java:1510)
at org.testng.TestRunner.privateRun(TestRunner.java:766)
at org.testng.TestRunner.run(TestRunner.java:587)
at org.testng.SuiteRunner.runTest(SuiteRunner.java:384)
at org.testng.SuiteRunner.runSequentially(SuiteRunner.java:378)
at org.testng.SuiteRunner.privateRun(SuiteRunner.java:337)
at org.testng.SuiteRunner.run(SuiteRunner.java:286)
at org.testng.SuiteRunnerWorker.runSuite(SuiteRunnerWorker.java:53)
at org.testng.SuiteRunnerWorker.run(SuiteRunnerWorker.java:96)
at org.testng.TestNG.runSuitesSequentially(TestNG.java:1187)
at org.testng.TestNG.runSuitesLocally(TestNG.java:1109)
at org.testng.TestNG.runSuites(TestNG.java:1039)
at org.testng.TestNG.run(TestNG.java:1007)
at org.testng.remote.AbstractRemoteTestNG.run(AbstractRemoteTestNG.java:115)
at org.testng.remote.RemoteTestNG.initAndRun(RemoteTestNG.java:251)
at org.testng.remote.RemoteTestNG.main(RemoteTestNG.java:77)
]]>
            </full-stacktrace>
          </exception> <!-- java.lang.AssertionError -->
          <reporter-output>
          </reporter-output>
        </test-method> <!-- test_Cab_Page_Title -->
        <test-method is-config="true" signature="get_Test_Case_Result(org.testng.ITestResult)[pri:0, instance:TestCases.ValidTestCases@7c0777b5]" started-at="2020-06-15T19:05:19 IST" name="get_Test_Case_Result" finished-at="2020-06-15T19:05:23 IST" duration-ms="3817" status="PASS">
          <params>
            <param index="0">
              <value>
                <![CDATA[[TestResult name=test_Cab_Page_Title status=FAILURE method=ValidTestCases.test_Cab_Page_Title()[pri:7, instance:TestCases.ValidTestCases@7c0777b5] output={null}]]]>
              </value>
            </param>
          </params>
          <reporter-output>
          </reporter-output>
        </test-method> <!-- get_Test_Case_Result -->
        <test-method signature="test_OutstationOneWay_TripType()[pri:8, instance:TestCases.ValidTestCases@7c0777b5]" started-at="2020-06-15T19:05:23 IST" name="test_OutstationOneWay_TripType" finished-at="2020-06-15T19:05:23 IST" duration-ms="213" status="PASS">
          <reporter-output>
          </reporter-output>
        </test-method> <!-- test_OutstationOneWay_TripType -->
        <test-method is-config="true" signature="get_Test_Case_Result(org.testng.ITestResult)[pri:0, instance:TestCases.ValidTestCases@7c0777b5]" started-at="2020-06-15T19:05:23 IST" name="get_Test_Case_Result" finished-at="2020-06-15T19:05:24 IST" duration-ms="491" status="PASS">
          <params>
            <param index="0">
              <value>
                <![CDATA[[TestResult name=test_OutstationOneWay_TripType status=SUCCESS method=ValidTestCases.test_OutstationOneWay_TripType()[pri:8, instance:TestCases.ValidTestCases@7c0777b5] output={null}]]]>
              </value>
            </param>
          </params>
          <reporter-output>
          </reporter-output>
        </test-method> <!-- get_Test_Case_Result -->
        <test-method signature="test_Set_Cab_Details()[pri:9, instance:TestCases.ValidTestCases@7c0777b5]" started-at="2020-06-15T19:05:24 IST" name="test_Set_Cab_Details" finished-at="2020-06-15T19:05:37 IST" duration-ms="13153" status="PASS">
          <reporter-output>
          </reporter-output>
        </test-method> <!-- test_Set_Cab_Details -->
        <test-method is-config="true" signature="get_Test_Case_Result(org.testng.ITestResult)[pri:0, instance:TestCases.ValidTestCases@7c0777b5]" started-at="2020-06-15T19:05:37 IST" name="get_Test_Case_Result" finished-at="2020-06-15T19:05:37 IST" duration-ms="470" status="PASS">
          <params>
            <param index="0">
              <value>
                <![CDATA[[TestResult name=test_Set_Cab_Details status=SUCCESS method=ValidTestCases.test_Set_Cab_Details()[pri:9, instance:TestCases.ValidTestCases@7c0777b5] output={null}]]]>
              </value>
            </param>
          </params>
          <reporter-output>
          </reporter-output>
        </test-method> <!-- get_Test_Case_Result -->
        <test-method signature="test_To_Check_Cab_Details()[pri:10, instance:TestCases.ValidTestCases@7c0777b5]" started-at="2020-06-15T19:05:37 IST" name="test_To_Check_Cab_Details" finished-at="2020-06-15T19:06:08 IST" duration-ms="30981" status="FAIL">
          <exception class="org.openqa.selenium.TimeoutException">
            <message>
              <![CDATA[Expected condition failed: waiting for value to be "Delhi, India". Current value: "" (tried for 30 second(s) with 500 milliseconds interval)
Build info: version: '3.141.59', revision: 'e82be7d358', time: '2018-11-14T08:17:03'
System info: host: 'DESKTOP-D5BDHV5', ip: '192.168.43.207', os.name: 'Windows 10', os.arch: 'amd64', os.version: '10.0', java.version: '14.0.1'
Driver info: org.openqa.selenium.remote.RemoteWebDriver
Capabilities {acceptInsecureCerts: false, browserName: chrome, browserVersion: 83.0.4103.97, chrome: {chromedriverVersion: 83.0.4103.39 (ccbf011cb2d2b..., userDataDir: C:\Users\yuvan\AppData\Loca...}, goog:chromeOptions: {debuggerAddress: localhost:53684}, javascriptEnabled: true, networkConnectionEnabled: false, pageLoadStrategy: normal, platform: WINDOWS, platformName: WINDOWS, proxy: Proxy(), setWindowRect: true, strictFileInteractability: false, timeouts: {implicit: 0, pageLoad: 300000, script: 30000}, unhandledPromptBehavior: dismiss and notify, webauthn:virtualAuthenticators: true, webdriver.remote.sessionid: afec91afaac4c53dc639e251480...}
Session ID: afec91afaac4c53dc639e2514808a3c0]]>
            </message>
            <full-stacktrace>
              <![CDATA[org.openqa.selenium.TimeoutException: Expected condition failed: waiting for value to be "Delhi, India". Current value: "" (tried for 30 second(s) with 500 milliseconds interval)
Build info: version: '3.141.59', revision: 'e82be7d358', time: '2018-11-14T08:17:03'
System info: host: 'DESKTOP-D5BDHV5', ip: '192.168.43.207', os.name: 'Windows 10', os.arch: 'amd64', os.version: '10.0', java.version: '14.0.1'
Driver info: org.openqa.selenium.remote.RemoteWebDriver
Capabilities {acceptInsecureCerts: false, browserName: chrome, browserVersion: 83.0.4103.97, chrome: {chromedriverVersion: 83.0.4103.39 (ccbf011cb2d2b..., userDataDir: C:\Users\yuvan\AppData\Loca...}, goog:chromeOptions: {debuggerAddress: localhost:53684}, javascriptEnabled: true, networkConnectionEnabled: false, pageLoadStrategy: normal, platform: WINDOWS, platformName: WINDOWS, proxy: Proxy(), setWindowRect: true, strictFileInteractability: false, timeouts: {implicit: 0, pageLoad: 300000, script: 30000}, unhandledPromptBehavior: dismiss and notify, webauthn:virtualAuthenticators: true, webdriver.remote.sessionid: afec91afaac4c53dc639e251480...}
Session ID: afec91afaac4c53dc639e2514808a3c0
at org.openqa.selenium.support.ui.WebDriverWait.timeoutException(WebDriverWait.java:95)
at org.openqa.selenium.support.ui.FluentWait.until(FluentWait.java:272)
at Pages.CabSearch.check_From_City(CabSearch.java:189)
at TestCases.ValidTestCases.test_To_Check_Cab_Details(ValidTestCases.java:201)
at java.base/jdk.internal.reflect.NativeMethodAccessorImpl.invoke0(Native Method)
at java.base/jdk.internal.reflect.NativeMethodAccessorImpl.invoke(NativeMethodAccessorImpl.java:62)
at java.base/jdk.internal.reflect.DelegatingMethodAccessorImpl.invoke(DelegatingMethodAccessorImpl.java:43)
at java.base/java.lang.reflect.Method.invoke(Method.java:564)
at org.testng.internal.MethodInvocationHelper.invokeMethod(MethodInvocationHelper.java:134)
at org.testng.internal.TestInvoker.invokeMethod(TestInvoker.java:597)
at org.testng.internal.TestInvoker.invokeTestMethod(TestInvoker.java:173)
at org.testng.internal.MethodRunner.runInSequence(MethodRunner.java:46)
at org.testng.internal.TestInvoker$MethodInvocationAgent.invoke(TestInvoker.java:816)
at org.testng.internal.TestInvoker.invokeTestMethods(TestInvoker.java:146)
at org.testng.internal.TestMethodWorker.invokeTestMethods(TestMethodWorker.java:146)
at org.testng.internal.TestMethodWorker.run(TestMethodWorker.java:128)
at java.base/java.util.ArrayList.forEach(ArrayList.java:1510)
at org.testng.TestRunner.privateRun(TestRunner.java:766)
at org.testng.TestRunner.run(TestRunner.java:587)
at org.testng.SuiteRunner.runTest(SuiteRunner.java:384)
at org.testng.SuiteRunner.runSequentially(SuiteRunner.java:378)
at org.testng.SuiteRunner.privateRun(SuiteRunner.java:337)
at org.testng.SuiteRunner.run(SuiteRunner.java:286)
at org.testng.SuiteRunnerWorker.runSuite(SuiteRunnerWorker.java:53)
at org.testng.SuiteRunnerWorker.run(SuiteRunnerWorker.java:96)
at org.testng.TestNG.runSuitesSequentially(TestNG.java:1187)
at org.testng.TestNG.runSuitesLocally(TestNG.java:1109)
at org.testng.TestNG.runSuites(TestNG.java:1039)
at org.testng.TestNG.run(TestNG.java:1007)
at org.testng.remote.AbstractRemoteTestNG.run(AbstractRemoteTestNG.java:115)
at org.testng.remote.RemoteTestNG.initAndRun(RemoteTestNG.java:251)
at org.testng.remote.RemoteTestNG.main(RemoteTestNG.java:77)
]]>
            </full-stacktrace>
          </exception> <!-- org.openqa.selenium.TimeoutException -->
          <reporter-output>
          </reporter-output>
        </test-method> <!-- test_To_Check_Cab_Details -->
        <test-method is-config="true" signature="get_Test_Case_Result(org.testng.ITestResult)[pri:0, instance:TestCases.ValidTestCases@7c0777b5]" started-at="2020-06-15T19:06:08 IST" name="get_Test_Case_Result" finished-at="2020-06-15T19:06:10 IST" duration-ms="1289" status="PASS">
          <params>
            <param index="0">
              <value>
                <![CDATA[[TestResult name=test_To_Check_Cab_Details status=FAILURE method=ValidTestCases.test_To_Check_Cab_Details()[pri:10, instance:TestCases.ValidTestCases@7c0777b5] output={null}]]]>
              </value>
            </param>
          </params>
          <reporter-output>
          </reporter-output>
        </test-method> <!-- get_Test_Case_Result -->
        <test-method signature="test_Flight_Button()[pri:11, instance:TestCases.ValidTestCases@7c0777b5]" started-at="2020-06-15T19:06:10 IST" name="test_Flight_Button" finished-at="2020-06-15T19:06:13 IST" duration-ms="3539" status="PASS">
          <reporter-output>
          </reporter-output>
        </test-method> <!-- test_Flight_Button -->
        <test-method is-config="true" signature="get_Test_Case_Result(org.testng.ITestResult)[pri:0, instance:TestCases.ValidTestCases@7c0777b5]" started-at="2020-06-15T19:06:13 IST" name="get_Test_Case_Result" finished-at="2020-06-15T19:06:14 IST" duration-ms="760" status="PASS">
          <params>
            <param index="0">
              <value>
                <![CDATA[[TestResult name=test_Flight_Button status=SUCCESS method=ValidTestCases.test_Flight_Button()[pri:11, instance:TestCases.ValidTestCases@7c0777b5] output={null}]]]>
              </value>
            </param>
          </params>
          <reporter-output>
          </reporter-output>
        </test-method> <!-- get_Test_Case_Result -->
        <test-method signature="test_Flight_Page_Title()[pri:12, instance:TestCases.ValidTestCases@7c0777b5]" started-at="2020-06-15T19:06:14 IST" name="test_Flight_Page_Title" finished-at="2020-06-15T19:06:14 IST" duration-ms="185" status="PASS">
          <reporter-output>
          </reporter-output>
        </test-method> <!-- test_Flight_Page_Title -->
        <test-method is-config="true" signature="get_Test_Case_Result(org.testng.ITestResult)[pri:0, instance:TestCases.ValidTestCases@7c0777b5]" started-at="2020-06-15T19:06:14 IST" name="get_Test_Case_Result" finished-at="2020-06-15T19:06:14 IST" duration-ms="437" status="PASS">
          <params>
            <param index="0">
              <value>
                <![CDATA[[TestResult name=test_Flight_Page_Title status=SUCCESS method=ValidTestCases.test_Flight_Page_Title()[pri:12, instance:TestCases.ValidTestCases@7c0777b5] output={null}]]]>
              </value>
            </param>
          </params>
          <reporter-output>
          </reporter-output>
        </test-method> <!-- get_Test_Case_Result -->
        <test-method signature="test_Set_Flight_Details()[pri:13, instance:TestCases.ValidTestCases@7c0777b5]" started-at="2020-06-15T19:06:14 IST" name="test_Set_Flight_Details" finished-at="2020-06-15T19:06:26 IST" duration-ms="11118" status="PASS">
          <reporter-output>
          </reporter-output>
        </test-method> <!-- test_Set_Flight_Details -->
        <test-method is-config="true" signature="get_Test_Case_Result(org.testng.ITestResult)[pri:0, instance:TestCases.ValidTestCases@7c0777b5]" started-at="2020-06-15T19:06:26 IST" name="get_Test_Case_Result" finished-at="2020-06-15T19:06:26 IST" duration-ms="324" status="PASS">
          <params>
            <param index="0">
              <value>
                <![CDATA[[TestResult name=test_Set_Flight_Details status=SUCCESS method=ValidTestCases.test_Set_Flight_Details()[pri:13, instance:TestCases.ValidTestCases@7c0777b5] output={null}]]]>
              </value>
            </param>
          </params>
          <reporter-output>
          </reporter-output>
        </test-method> <!-- get_Test_Case_Result -->
        <test-method signature="test_Hotel_Booking_Icon()[pri:14, instance:TestCases.ValidTestCases@7c0777b5]" started-at="2020-06-15T19:06:26 IST" name="test_Hotel_Booking_Icon" finished-at="2020-06-15T19:06:31 IST" duration-ms="4746" status="PASS">
          <reporter-output>
          </reporter-output>
        </test-method> <!-- test_Hotel_Booking_Icon -->
        <test-method is-config="true" signature="get_Test_Case_Result(org.testng.ITestResult)[pri:0, instance:TestCases.ValidTestCases@7c0777b5]" started-at="2020-06-15T19:06:31 IST" name="get_Test_Case_Result" finished-at="2020-06-15T19:06:31 IST" duration-ms="574" status="PASS">
          <params>
            <param index="0">
              <value>
                <![CDATA[[TestResult name=test_Hotel_Booking_Icon status=SUCCESS method=ValidTestCases.test_Hotel_Booking_Icon()[pri:14, instance:TestCases.ValidTestCases@7c0777b5] output={null}]]]>
              </value>
            </param>
          </params>
          <reporter-output>
          </reporter-output>
        </test-method> <!-- get_Test_Case_Result -->
        <test-method signature="test_Hotel_Booking_Page_Title()[pri:15, instance:TestCases.ValidTestCases@7c0777b5]" started-at="2020-06-15T19:06:31 IST" name="test_Hotel_Booking_Page_Title" finished-at="2020-06-15T19:06:31 IST" duration-ms="183" status="PASS">
          <reporter-output>
          </reporter-output>
        </test-method> <!-- test_Hotel_Booking_Page_Title -->
        <test-method is-config="true" signature="get_Test_Case_Result(org.testng.ITestResult)[pri:0, instance:TestCases.ValidTestCases@7c0777b5]" started-at="2020-06-15T19:06:31 IST" name="get_Test_Case_Result" finished-at="2020-06-15T19:06:33 IST" duration-ms="1140" status="PASS">
          <params>
            <param index="0">
              <value>
                <![CDATA[[TestResult name=test_Hotel_Booking_Page_Title status=SUCCESS method=ValidTestCases.test_Hotel_Booking_Page_Title()[pri:15, instance:TestCases.ValidTestCases@7c0777b5] output={null}]]]>
              </value>
            </param>
          </params>
          <reporter-output>
          </reporter-output>
        </test-method> <!-- get_Test_Case_Result -->
        <test-method signature="test_Hotel_Booking()[pri:16, instance:TestCases.ValidTestCases@7c0777b5]" started-at="2020-06-15T19:06:33 IST" name="test_Hotel_Booking" finished-at="2020-06-15T19:06:34 IST" duration-ms="1822" status="PASS">
          <reporter-output>
          </reporter-output>
        </test-method> <!-- test_Hotel_Booking -->
        <test-method is-config="true" signature="get_Test_Case_Result(org.testng.ITestResult)[pri:0, instance:TestCases.ValidTestCases@7c0777b5]" started-at="2020-06-15T19:06:34 IST" name="get_Test_Case_Result" finished-at="2020-06-15T19:06:35 IST" duration-ms="411" status="PASS">
          <params>
            <param index="0">
              <value>
                <![CDATA[[TestResult name=test_Hotel_Booking status=SUCCESS method=ValidTestCases.test_Hotel_Booking()[pri:16, instance:TestCases.ValidTestCases@7c0777b5] output={null}]]]>
              </value>
            </param>
          </params>
          <reporter-output>
          </reporter-output>
        </test-method> <!-- get_Test_Case_Result -->
        <test-method is-config="true" signature="terminate_Browser()[pri:0, instance:TestCases.ValidTestCases@7c0777b5]" started-at="2020-06-15T19:06:35 IST" name="terminate_Browser" finished-at="2020-06-15T19:06:39 IST" duration-ms="4668" status="PASS">
          <reporter-output>
          </reporter-output>
        </test-method> <!-- terminate_Browser -->
      </class> <!-- TestCases.ValidTestCases -->
    </test> <!-- Regression Test -->
  </suite> <!-- Regression Testing -->
</testng-results>
