<?xml version="1.0" encoding="UTF-8"?>
<!-- Generated by org.testng.reporters.JUnitXMLReporter -->
<testsuite ignored="20" hostname="DESKTOP-RIVIQO4" failures="0" tests="4" name="Test" time="126.89" errors="0" timestamp="2020-06-01T11:25:16 IST">
  <testcase classname="TestCases.ValidTestCases" name="test_SignIn_Button" time="2.731"/>
  <testcase classname="TestCases.ValidTestCases" name="test_LogIn_Details" time="13.031"/>
  <testcase classname="TestCases.InvalidTestCases" name="test_Invalid_Username_Details" time="7.308"/>
  <testcase classname="TestCases.InvalidTestCases" name="test_Invalid_Password_Details" time="6.141"/>
  <testcase classname="TestCases.ValidTestCases" name="test_URL_Appear_Correct" time="0.0">
    <ignored/>
  </testcase> <!-- test_URL_Appear_Correct -->
  <testcase classname="TestCases.InvalidTestCases" name="test_ReturnDate_Disabled" time="0.0">
    <ignored/>
  </testcase> <!-- test_ReturnDate_Disabled -->
  <testcase classname="TestCases.ValidTestCases" name="test_Hotel_Booking_Icon" time="0.0">
    <ignored/>
  </testcase> <!-- test_Hotel_Booking_Icon -->
  <testcase classname="TestCases.ValidTestCases" name="test_Flight_Icon" time="0.0">
    <ignored/>
  </testcase> <!-- test_Flight_Icon -->
  <testcase classname="TestCases.ValidTestCases" name="test_Cab_Icon" time="0.0">
    <ignored/>
  </testcase> <!-- test_Cab_Icon -->
  <testcase classname="Setup.BaseClass" name="@BeforeSuite generate_ExtentReport" time="0.0">
    <ignored/>
  </testcase> <!-- @BeforeSuite generate_ExtentReport -->
  <testcase classname="TestCases.ValidTestCases" name="test_Flight_Page_Title" time="0.0">
    <ignored/>
  </testcase> <!-- test_Flight_Page_Title -->
  <testcase classname="TestCases.ValidTestCases" name="test_Set_Cab_Details" time="0.0">
    <ignored/>
  </testcase> <!-- test_Set_Cab_Details -->
  <testcase classname="TestCases.ValidTestCases" name="test_Set_Flight_Details" time="0.0">
    <ignored/>
  </testcase> <!-- test_Set_Flight_Details -->
  <testcase classname="TestCases.ValidTestCases" name="test_To_Check_Cab_Details" time="0.0">
    <ignored/>
  </testcase> <!-- test_To_Check_Cab_Details -->
  <testcase classname="TestCases.ValidTestCases" name="test_Flight_Button" time="0.0">
    <ignored/>
  </testcase> <!-- test_Flight_Button -->
  <testcase classname="TestCases.ValidTestCases" name="test_Hotel_Booking" time="0.0">
    <ignored/>
  </testcase> <!-- test_Hotel_Booking -->
  <testcase classname="TestCases.ValidTestCases" name="test_Cab_Page_Title" time="0.0">
    <ignored/>
  </testcase> <!-- test_Cab_Page_Title -->
  <testcase classname="TestCases.InvalidTestCases" name="test_OutstationTrip_Selected" time="0.0">
    <ignored/>
  </testcase> <!-- test_OutstationTrip_Selected -->
  <testcase classname="TestCases.ValidTestCases" name="test_Home_Page_Title" time="0.0">
    <ignored/>
  </testcase> <!-- test_Home_Page_Title -->
  <testcase classname="TestCases.ValidTestCases" name="test_Hotel_Booking_Page_Title" time="0.0">
    <ignored/>
  </testcase> <!-- test_Hotel_Booking_Page_Title -->
  <testcase classname="TestCases.InvalidTestCases" name="test_GiftCard" time="0.0">
    <ignored/>
  </testcase> <!-- test_GiftCard -->
  <testcase classname="TestCases.InvalidTestCases" name="test_Same_Location_Of_Journey" time="0.0">
    <ignored/>
  </testcase> <!-- test_Same_Location_Of_Journey -->
  <testcase classname="TestCases.ValidTestCases" name="test_OutstationOneWay_TripType" time="0.0">
    <ignored/>
  </testcase> <!-- test_OutstationOneWay_TripType -->
  <testcase classname="TestCases.InvalidTestCases" name="test_Invalid_Date_Of_Journey" time="0.0">
    <ignored/>
  </testcase> <!-- test_Invalid_Date_Of_Journey -->
</testsuite> <!-- Test -->
